#
# A fatal error has been detected by the Java Runtime Environment:
#
#  SIGSEGV (0xb) at pc=0x00007f2c3310c690, pid=7312, tid=0x00007f2c4550e700
#
# JRE version: OpenJDK Runtime Environment (8.0_76-b03) (build 1.8.0_76-release-b03)
# Java VM: OpenJDK 64-Bit Server VM (25.76-b03 mixed mode linux-amd64 compressed oops)
# Problematic frame:
# C  [libdrm_intel.so.1+0x6690]
#
# Failed to write core dump. Core dumps have been disabled. To enable core dumping, try "ulimit -c unlimited" before starting Java again
#
# If you would like to submit a bug report, please visit:
#   http://bugreport.java.com/bugreport/crash.jsp
# The crash happened outside the Java Virtual Machine in native code.
# See problematic frame for where to report the bug.
#

---------------  T H R E A D  ---------------

Current thread (0x00007f2cb43df800):  JavaThread "LWJGL Application" [_thread_in_native, id=7338, stack(0x00007f2c4540e000,0x00007f2c4550f000)]

siginfo: si_signo: 11 (SIGSEGV), si_code: 128 (SI_KERNEL), si_addr: 0x0000000000000000

Registers:
RAX=0x0000000000000000, RBX=0x00007f2c2440b0e0, RCX=0x0000000000000000, RDX=0x0000000000000000
RSP=0x00007f2c4550d568, RBP=0x0000000000000000, RSI=0x0000000000000000, RDI=0x43d6000042200000
R8 =0x00007f2c24041c08, R9 =0x0000000000000000, R10=0x0000000000000000, R11=0x0000000000000246
R12=0x43d6000042200000, R13=0x0000000000000000, R14=0x00007f2c243bbaf0, R15=0x0000000000000750
RIP=0x00007f2c3310c690, EFLAGS=0x0000000000010202, CSGSFS=0x002b000000000033, ERR=0x0000000000000000
  TRAPNO=0x000000000000000d

Top of Stack: (sp=0x00007f2c4550d568)
0x00007f2c4550d568:   00007f2c3310c6e0 000000004d430000
0x00007f2c4550d578:   00007f2c24041b00 00007f2c2440b0e0
0x00007f2c4550d588:   0000000000000000 0000000000000000
0x00007f2c4550d598:   00007f2c3310dc95 00007f2c24041c08
0x00007f2c4550d5a8:   0000000000000000 00007f2c7f800640
0x00007f2c4550d5b8:   0000000000000000 00000000d9f1e650
0x00007f2c4550d5c8:   00007f2cbb31c220 00007f2c4550da58
0x00007f2c4550d5d8:   00007f2c33bef568 00007f2c4550d4b0
0x00007f2c4550d5e8:   00007f2c33bef568 00007f2c24954e30
0x00007f2c4550d5f8:   b9e45a423a06d600 00007f2c2440b0e0
0x00007f2c4550d608:   00007f2c24179dd8 00007f2c33be7e80
0x00007f2c4550d618:   0000000000000000 0000000000000001
0x00007f2c4550d628:   0000000000000001 00007f2c24031b18
0x00007f2c4550d638:   00007f2c33110f6a 0000000000000001
0x00007f2c4550d648:   0000000000000000 0000000000000001
0x00007f2c4550d658:   00007f2c3370c4bd 00007f2c338db870
0x00007f2c4550d668:   000000ba336d321d 00007f2c24179dd8
0x00007f2c4550d678:   0000000000000000 00007f2c240df090
0x00007f2c4550d688:   0000000000000001 0000000000000001
0x00007f2c4550d698:   00007f2c3371a65d 00007f2c4550d6d0
0x00007f2c4550d6a8:   00007f2c2416fd60 0000000000000000
0x00007f2c4550d6b8:   0000000000000000 0000000000000003
0x00007f2c4550d6c8:   00007f2c451ea8df 0000000000000000
0x00007f2c4550d6d8:   000000003a06d600 0000000002a00003
0x00007f2c4550d6e8:   00000000da0801b8 00007f2c4550d760
0x00007f2c4550d6f8:   0000000000000000 00007f2c4550da10
0x00007f2c4550d708:   00007f2c4550d750 00007f2cb43df800
0x00007f2c4550d718:   00007f2ca536c2ff 00000000da080260
0x00007f2c4550d728:   00007f2ca5318594 00000000da538678
0x00007f2c4550d738:   00000000da489228 0000000000000001
0x00007f2c4550d748:   00000000da0801b8 00000000da0d8ec0
0x00007f2c4550d758:   0000000000000000 00007f2c4550da58 

Instructions: (pc=0x00007f2c3310c690)
0x00007f2c3310c670:   41 bd 28 00 00 00 be 18 01 00 00 41 be 05 00 00
0x00007f2c3310c680:   00 eb a1 0f 1f 00 66 2e 0f 1f 84 00 00 00 00 00
0x00007f2c3310c690:   48 83 bf e0 00 00 00 00 0f 84 d2 00 00 00 41 55
0x00007f2c3310c6a0:   41 54 45 31 ed 55 53 31 ed 48 89 fb 48 83 ec 08 

Register to memory mapping:

RAX=0x0000000000000000 is an unknown value
RBX=0x00007f2c2440b0e0 is an unknown value
RCX=0x0000000000000000 is an unknown value
RDX=0x0000000000000000 is an unknown value
RSP=0x00007f2c4550d568 is pointing into the stack for thread: 0x00007f2cb43df800
RBP=0x0000000000000000 is an unknown value
RSI=0x0000000000000000 is an unknown value
RDI=0x43d6000042200000 is an unknown value
R8 =0x00007f2c24041c08 is an unknown value
R9 =0x0000000000000000 is an unknown value
R10=0x0000000000000000 is an unknown value
R11=0x0000000000000246 is an unknown value
R12=0x43d6000042200000 is an unknown value
R13=0x0000000000000000 is an unknown value
R14=0x00007f2c243bbaf0 is an unknown value
R15=0x0000000000000750 is an unknown value


Stack: [0x00007f2c4540e000,0x00007f2c4550f000],  sp=0x00007f2c4550d568,  free space=1021k
Native frames: (J=compiled Java code, j=interpreted, Vv=VM code, C=native code)
C  [libdrm_intel.so.1+0x6690]

Java frames: (J=compiled Java code, j=interpreted, Vv=VM code)
J 879  org.lwjgl.opengl.LinuxContextImplementation.nSwapBuffers(Ljava/nio/ByteBuffer;)V (0 bytes) @ 0x00007f2ca536c28f [0x00007f2ca536c240+0x4f]
J 878 C1 org.lwjgl.opengl.LinuxContextImplementation.swapBuffers()V (84 bytes) @ 0x00007f2ca537070c [0x00007f2ca536fae0+0xc2c]
J 876 C1 org.lwjgl.opengl.DrawableGL.swapBuffers()V (4 bytes) @ 0x00007f2ca536f15c [0x00007f2ca536f080+0xdc]
J 875 C1 org.lwjgl.opengl.Display.swapBuffers()V (55 bytes) @ 0x00007f2ca536e96c [0x00007f2ca536e600+0x36c]
J 873 C1 org.lwjgl.opengl.Display.update(Z)V (154 bytes) @ 0x00007f2ca536cb74 [0x00007f2ca536c700+0x474]
j  com.badlogic.gdx.backends.lwjgl.LwjglApplication.mainLoop()V+704
j  com.badlogic.gdx.backends.lwjgl.LwjglApplication$1.run()V+27
v  ~StubRoutines::call_stub

---------------  P R O C E S S  ---------------

Java Threads: ( => current thread )
  0x00007f2c2401d800 JavaThread "process reaper" daemon [_thread_blocked, id=7340, stack(0x00007f2c4c00b000,0x00007f2c4c044000)]
  0x00007f2cb400c000 JavaThread "DestroyJavaVM" [_thread_blocked, id=7313, stack(0x00007f2cbb3c0000,0x00007f2cbb4c1000)]
=>0x00007f2cb43df800 JavaThread "LWJGL Application" [_thread_in_native, id=7338, stack(0x00007f2c4540e000,0x00007f2c4550f000)]
  0x00007f2cb4333800 JavaThread "AWT-XAWT" daemon [_thread_in_native, id=7334, stack(0x00007f2c4dd07000,0x00007f2c4de08000)]
  0x00007f2cb4315800 JavaThread "Java2D Disposer" daemon [_thread_blocked, id=7333, stack(0x00007f2c7c031000,0x00007f2c7c132000)]
  0x00007f2cb41bb800 JavaThread "Monitor Ctrl-Break" daemon [_thread_in_native, id=7332, stack(0x00007f2c7d142000,0x00007f2c7d243000)]
  0x00007f2cb40d8000 JavaThread "Service Thread" daemon [_thread_blocked, id=7330, stack(0x00007f2c7d561000,0x00007f2c7d662000)]
  0x00007f2cb40cd000 JavaThread "C1 CompilerThread3" daemon [_thread_blocked, id=7329, stack(0x00007f2c7d662000,0x00007f2c7d763000)]
  0x00007f2cb40cb000 JavaThread "C2 CompilerThread2" daemon [_thread_blocked, id=7328, stack(0x00007f2c7d763000,0x00007f2c7d864000)]
  0x00007f2cb40c9000 JavaThread "C2 CompilerThread1" daemon [_thread_blocked, id=7327, stack(0x00007f2c7d864000,0x00007f2c7d965000)]
  0x00007f2cb40c6000 JavaThread "C2 CompilerThread0" daemon [_thread_blocked, id=7326, stack(0x00007f2c7d965000,0x00007f2c7da66000)]
  0x00007f2cb40c4800 JavaThread "Signal Dispatcher" daemon [_thread_blocked, id=7325, stack(0x00007f2c7da66000,0x00007f2c7db67000)]
  0x00007f2cb408e000 JavaThread "Finalizer" daemon [_thread_blocked, id=7324, stack(0x00007f2c7dce5000,0x00007f2c7dde6000)]
  0x00007f2cb4089800 JavaThread "Reference Handler" daemon [_thread_blocked, id=7323, stack(0x00007f2c7dde6000,0x00007f2c7dee7000)]

Other Threads:
  0x00007f2cb4081800 VMThread [stack: 0x00007f2c7dee7000,0x00007f2c7dfe8000] [id=7322]
  0x00007f2cb40da800 WatcherThread [stack: 0x00007f2c7d460000,0x00007f2c7d561000] [id=7331]

VM state:not at safepoint (normal execution)

VM Mutex/Monitor currently owned by a thread: None

Heap:
 PSYoungGen      total 35328K, used 17583K [0x00000000d9500000, 0x00000000dbc00000, 0x0000000100000000)
  eden space 30720K, 57% used [0x00000000d9500000,0x00000000da62bca0,0x00000000db300000)
  from space 4608K, 0% used [0x00000000db780000,0x00000000db780000,0x00000000dbc00000)
  to   space 4608K, 0% used [0x00000000db300000,0x00000000db300000,0x00000000db780000)
 ParOldGen       total 80896K, used 0K [0x000000008be00000, 0x0000000090d00000, 0x00000000d9500000)
  object space 80896K, 0% used [0x000000008be00000,0x000000008be00000,0x0000000090d00000)
 Metaspace       used 9506K, capacity 9719K, committed 9984K, reserved 1058816K
  class space    used 893K, capacity 966K, committed 1024K, reserved 1048576K

Card table byte_map: [0x00007f2ca4c5e000,0x00007f2ca5000000] byte_map_base: 0x00007f2ca47ff000

Marking Bits: (ParMarkBitMap*) 0x00007f2cba8c61a0
 Begin Bits: [0x00007f2c945f0000, 0x00007f2c962f8000)
 End Bits:   [0x00007f2c962f8000, 0x00007f2c98000000)

Polling page: 0x00007f2cbb4e7000

CodeCache: size=245760Kb used=3632Kb max_used=3632Kb free=242127Kb
 bounds [0x00007f2ca5000000, 0x00007f2ca5390000, 0x00007f2cb4000000]
 total_blobs=1486 nmethods=918 adapters=483
 compilation: enabled

Compilation events (10 events):
Event: 13,157 Thread 0x00007f2cb40cd000  910       3       com.badlogic.gdx.backends.lwjgl.LwjglGL20::glClearColor (9 bytes)
Event: 13,157 Thread 0x00007f2cb40cd000 nmethod 910 0x00007f2ca5388ad0 code [0x00007f2ca5388cc0, 0x00007f2ca5389498]
Event: 13,157 Thread 0x00007f2cb40cd000  912       3       com.badlogic.gdx.backends.lwjgl.LwjglGL20::glClear (5 bytes)
Event: 13,157 Thread 0x00007f2cb40cd000 nmethod 912 0x00007f2ca5389a50 code [0x00007f2ca5389c40, 0x00007f2ca538a3d8]
Event: 13,456 Thread 0x00007f2cb40cd000  915   !   3       sun.awt.X11.XToolkit::callTimeoutTasks (220 bytes)
Event: 13,457 Thread 0x00007f2cb40cd000 nmethod 915 0x00007f2ca538a890 code [0x00007f2ca538ac20, 0x00007f2ca538ca58]
Event: 13,544 Thread 0x00007f2cb40cd000  916   !   3       sun.awt.X11.XToolkit::getNextTaskTime (55 bytes)
Event: 13,545 Thread 0x00007f2cb40cd000 nmethod 916 0x00007f2ca538d550 code [0x00007f2ca538d780, 0x00007f2ca538e4d8]
Event: 13,556 Thread 0x00007f2cb40cd000  918       3       java.util.concurrent.locks.ReentrantLock$NonfairSync::tryAcquire (6 bytes)
Event: 13,556 Thread 0x00007f2cb40cd000 nmethod 918 0x00007f2ca5384950 code [0x00007f2ca5384ac0, 0x00007f2ca5384cc8]

GC Heap History (0 events):
No events

Deoptimization events (4 events):
Event: 0,099 Thread 0x00007f2cb400c000 Uncommon trap: reason=unstable_if action=reinterpret pc=0x00007f2ca51553c8 method=java.lang.String.indexOf([CII[CIII)I @ 3
Event: 0,101 Thread 0x00007f2cb400c000 Uncommon trap: reason=unstable_if action=reinterpret pc=0x00007f2ca514a95c method=java.lang.String.indexOf([CII[CIII)I @ 123
Event: 0,186 Thread 0x00007f2cb400c000 Uncommon trap: reason=unstable_if action=reinterpret pc=0x00007f2ca51c0794 method=java.lang.String.<init>([CII)V @ 18
Event: 0,279 Thread 0x00007f2cb43df800 Uncommon trap: reason=unstable_if action=reinterpret pc=0x00007f2ca51b58f4 method=java.lang.String.replace(CC)Ljava/lang/String; @ 26

Internal exceptions (10 events):
Event: 0,217 Thread 0x00007f2cb400c000 Exception <a 'java/security/PrivilegedActionException'> (0x00000000d9b88b18) thrown at [/ssd/Android/AOSP-openjdk/external/jetbrains/jdk/hotspot/src/share/vm/prims/jvm.cpp, line 1386]
Event: 0,217 Thread 0x00007f2cb400c000 Exception <a 'java/security/PrivilegedActionException'> (0x00000000d9b89770) thrown at [/ssd/Android/AOSP-openjdk/external/jetbrains/jdk/hotspot/src/share/vm/prims/jvm.cpp, line 1386]
Event: 0,217 Thread 0x00007f2cb400c000 Exception <a 'java/security/PrivilegedActionException'> (0x00000000d9b8a398) thrown at [/ssd/Android/AOSP-openjdk/external/jetbrains/jdk/hotspot/src/share/vm/prims/jvm.cpp, line 1386]
Event: 0,217 Thread 0x00007f2cb400c000 Exception <a 'java/security/PrivilegedActionException'> (0x00000000d9b8c2f0) thrown at [/ssd/Android/AOSP-openjdk/external/jetbrains/jdk/hotspot/src/share/vm/prims/jvm.cpp, line 1386]
Event: 0,217 Thread 0x00007f2cb400c000 Exception <a 'java/security/PrivilegedActionException'> (0x00000000d9b8cf48) thrown at [/ssd/Android/AOSP-openjdk/external/jetbrains/jdk/hotspot/src/share/vm/prims/jvm.cpp, line 1386]
Event: 0,217 Thread 0x00007f2cb400c000 Exception <a 'java/security/PrivilegedActionException'> (0x00000000d9b8db70) thrown at [/ssd/Android/AOSP-openjdk/external/jetbrains/jdk/hotspot/src/share/vm/prims/jvm.cpp, line 1386]
Event: 0,217 Thread 0x00007f2cb400c000 Exception <a 'java/security/PrivilegedActionException'> (0x00000000d9b8f918) thrown at [/ssd/Android/AOSP-openjdk/external/jetbrains/jdk/hotspot/src/share/vm/prims/jvm.cpp, line 1386]
Event: 0,217 Thread 0x00007f2cb400c000 Exception <a 'java/security/PrivilegedActionException'> (0x00000000d9b90570) thrown at [/ssd/Android/AOSP-openjdk/external/jetbrains/jdk/hotspot/src/share/vm/prims/jvm.cpp, line 1386]
Event: 0,217 Thread 0x00007f2cb400c000 Exception <a 'java/security/PrivilegedActionException'> (0x00000000d9b91198) thrown at [/ssd/Android/AOSP-openjdk/external/jetbrains/jdk/hotspot/src/share/vm/prims/jvm.cpp, line 1386]
Event: 0,287 Thread 0x00007f2cb43df800 Exception <a 'java/lang/NoClassDefFoundError': org/lwjgl/opengles/GLContext> (0x00000000d9f95e80) thrown at [/ssd/Android/AOSP-openjdk/external/jetbrains/jdk/hotspot/src/share/vm/classfile/systemDictionary.cpp, line 199]

Events (10 events):
Event: 2,072 Thread 0x00007f2cb43df800 DEOPT PACKING pc=0x00007f2ca52b67d3 sp=0x00007f2c4550d870
Event: 2,072 Thread 0x00007f2cb43df800 DEOPT UNPACKING pc=0x00007f2ca5047373 sp=0x00007f2c4550d6a0 mode 0
Event: 2,256 loading class com/badlogic/gdx/backends/lwjgl/LwjglInput$TouchEvent
Event: 2,256 loading class com/badlogic/gdx/backends/lwjgl/LwjglInput$TouchEvent done
Event: 3,556 loading class org/lwjgl/opengl/LinuxKeycodes
Event: 3,556 loading class org/lwjgl/opengl/LinuxKeycodes done
Event: 3,556 loading class com/badlogic/gdx/backends/lwjgl/LwjglInput$KeyEvent
Event: 3,556 loading class com/badlogic/gdx/backends/lwjgl/LwjglInput$KeyEvent done
Event: 4,046 Executing VM operation: EnableBiasedLocking
Event: 4,046 Executing VM operation: EnableBiasedLocking done


Dynamic libraries:
00400000-00401000 r-xp 00000000 08:06 32899644                           /home/kaliuser/Документы/app/android-studio/jre/bin/java
00600000-00601000 r--p 00000000 08:06 32899644                           /home/kaliuser/Документы/app/android-studio/jre/bin/java
00601000-00602000 rw-p 00001000 08:06 32899644                           /home/kaliuser/Документы/app/android-studio/jre/bin/java
00635000-00656000 rw-p 00000000 00:00 0                                  [heap]
8be00000-90d00000 rw-p 00000000 00:00 0 
90d00000-d9500000 ---p 00000000 00:00 0 
d9500000-dbc00000 rw-p 00000000 00:00 0 
dbc00000-100000000 ---p 00000000 00:00 0 
100000000-100100000 rw-p 00000000 00:00 0 
100100000-140000000 ---p 00000000 00:00 0 
7f2c24000000-7f2c24bcb000 rw-p 00000000 00:00 0 
7f2c24bcb000-7f2c28000000 ---p 00000000 00:00 0 
7f2c28000000-7f2c28021000 rw-p 00000000 00:00 0 
7f2c28021000-7f2c2c000000 ---p 00000000 00:00 0 
7f2c2c000000-7f2c2c021000 rw-p 00000000 00:00 0 
7f2c2c021000-7f2c30000000 ---p 00000000 00:00 0 
7f2c315d3000-7f2c315e3000 rw-s 00000000 00:05 300547                     /drm mm object (deleted)
7f2c315e3000-7f2c315f3000 rw-s 00000000 00:05 300546                     /drm mm object (deleted)
7f2c315f3000-7f2c3161b000 rw-s 00000000 00:05 300544                     /drm mm object (deleted)
7f2c3161b000-7f2c316db000 rw-p 00000000 00:00 0 
7f2c316db000-7f2c3181b000 ---p 00000000 00:00 0 
7f2c3181b000-7f2c32ae8000 rw-p 00000000 00:00 0 
7f2c32ae8000-7f2c32af0000 r-xp 00000000 08:06 17175843                   /usr/lib/x86_64-linux-gnu/libpciaccess.so.0.11.1
7f2c32af0000-7f2c32cf0000 ---p 00008000 08:06 17175843                   /usr/lib/x86_64-linux-gnu/libpciaccess.so.0.11.1
7f2c32cf0000-7f2c32cf1000 r--p 00008000 08:06 17175843                   /usr/lib/x86_64-linux-gnu/libpciaccess.so.0.11.1
7f2c32cf1000-7f2c32cf2000 rw-p 00009000 08:06 17175843                   /usr/lib/x86_64-linux-gnu/libpciaccess.so.0.11.1
7f2c32cf2000-7f2c32cfd000 r-xp 00000000 08:06 17170764                   /usr/lib/x86_64-linux-gnu/libdrm_radeon.so.1.0.1
7f2c32cfd000-7f2c32efc000 ---p 0000b000 08:06 17170764                   /usr/lib/x86_64-linux-gnu/libdrm_radeon.so.1.0.1
7f2c32efc000-7f2c32efd000 r--p 0000a000 08:06 17170764                   /usr/lib/x86_64-linux-gnu/libdrm_radeon.so.1.0.1
7f2c32efd000-7f2c32efe000 rw-p 0000b000 08:06 17170764                   /usr/lib/x86_64-linux-gnu/libdrm_radeon.so.1.0.1
7f2c32efe000-7f2c32f05000 r-xp 00000000 08:06 17170761                   /usr/lib/x86_64-linux-gnu/libdrm_nouveau.so.2.0.0
7f2c32f05000-7f2c33104000 ---p 00007000 08:06 17170761                   /usr/lib/x86_64-linux-gnu/libdrm_nouveau.so.2.0.0
7f2c33104000-7f2c33105000 r--p 00006000 08:06 17170761                   /usr/lib/x86_64-linux-gnu/libdrm_nouveau.so.2.0.0
7f2c33105000-7f2c33106000 rw-p 00007000 08:06 17170761                   /usr/lib/x86_64-linux-gnu/libdrm_nouveau.so.2.0.0
7f2c33106000-7f2c33128000 r-xp 00000000 08:06 17174796                   /usr/lib/x86_64-linux-gnu/libdrm_intel.so.1.0.0
7f2c33128000-7f2c33327000 ---p 00022000 08:06 17174796                   /usr/lib/x86_64-linux-gnu/libdrm_intel.so.1.0.0
7f2c33327000-7f2c33328000 r--p 00021000 08:06 17174796                   /usr/lib/x86_64-linux-gnu/libdrm_intel.so.1.0.0
7f2c33328000-7f2c33329000 rw-p 00022000 08:06 17174796                   /usr/lib/x86_64-linux-gnu/libdrm_intel.so.1.0.0
7f2c33329000-7f2c3399c000 r-xp 00000000 08:06 18089740                   /usr/lib/x86_64-linux-gnu/dri/i965_dri.so
7f2c3399c000-7f2c33b9c000 ---p 00673000 08:06 18089740                   /usr/lib/x86_64-linux-gnu/dri/i965_dri.so
7f2c33b9c000-7f2c33bdb000 r--p 00673000 08:06 18089740                   /usr/lib/x86_64-linux-gnu/dri/i965_dri.so
7f2c33bdb000-7f2c33be3000 rw-p 006b2000 08:06 18089740                   /usr/lib/x86_64-linux-gnu/dri/i965_dri.so
7f2c33be3000-7f2c33beb000 rw-p 00000000 00:00 0 
7f2c33beb000-7f2c33bf9000 r-xp 00000000 08:06 17170502                   /usr/lib/x86_64-linux-gnu/libdrm.so.2.4.0
7f2c33bf9000-7f2c33df8000 ---p 0000e000 08:06 17170502                   /usr/lib/x86_64-linux-gnu/libdrm.so.2.4.0
7f2c33df8000-7f2c33df9000 r--p 0000d000 08:06 17170502                   /usr/lib/x86_64-linux-gnu/libdrm.so.2.4.0
7f2c33df9000-7f2c33dfa000 rw-p 0000e000 08:06 17170502                   /usr/lib/x86_64-linux-gnu/libdrm.so.2.4.0
7f2c33dfa000-7f2c33dfe000 r-xp 00000000 08:06 17170781                   /usr/lib/x86_64-linux-gnu/libxcb-dri2.so.0.0.0
7f2c33dfe000-7f2c33ffd000 ---p 00004000 08:06 17170781                   /usr/lib/x86_64-linux-gnu/libxcb-dri2.so.0.0.0
7f2c33ffd000-7f2c33ffe000 r--p 00003000 08:06 17170781                   /usr/lib/x86_64-linux-gnu/libxcb-dri2.so.0.0.0
7f2c33ffe000-7f2c33fff000 rw-p 00004000 08:06 17170781                   /usr/lib/x86_64-linux-gnu/libxcb-dri2.so.0.0.0
7f2c33fff000-7f2c38000000 rw-s 00000000 00:14 299886                     /dev/shm/pulse-shm-3210502135
7f2c38000000-7f2c38021000 rw-p 00000000 00:00 0 
7f2c38021000-7f2c3c000000 ---p 00000000 00:00 0 
7f2c3c000000-7f2c40000000 rw-s 00000000 00:05 304232                     /memfd:pulseaudio (deleted)
7f2c40000000-7f2c40026000 rw-p 00000000 00:00 0 
7f2c40026000-7f2c44000000 ---p 00000000 00:00 0 
7f2c4400b000-7f2c4403b000 rw-s 00000000 00:05 300543                     /drm mm object (deleted)
7f2c4403b000-7f2c4408b000 rw-s 00000000 00:05 300542                     /drm mm object (deleted)
7f2c440bb000-7f2c440f3000 rw-s 00000000 00:05 300538                     /drm mm object (deleted)
7f2c440f3000-7f2c44112000 r-xp 00000000 08:06 6948791                    /lib/x86_64-linux-gnu/libudev.so.1.6.5
7f2c44112000-7f2c44113000 r--p 0001e000 08:06 6948791                    /lib/x86_64-linux-gnu/libudev.so.1.6.5
7f2c44113000-7f2c44114000 rw-p 0001f000 08:06 6948791                    /lib/x86_64-linux-gnu/libudev.so.1.6.5
7f2c44114000-7f2c4412c000 r-xp 00000000 08:06 17170786                   /usr/lib/x86_64-linux-gnu/libxcb-glx.so.0.0.0
7f2c4412c000-7f2c4432c000 ---p 00018000 08:06 17170786                   /usr/lib/x86_64-linux-gnu/libxcb-glx.so.0.0.0
7f2c4432c000-7f2c4432e000 r--p 00018000 08:06 17170786                   /usr/lib/x86_64-linux-gnu/libxcb-glx.so.0.0.0
7f2c4432e000-7f2c4432f000 rw-p 0001a000 08:06 17170786                   /usr/lib/x86_64-linux-gnu/libxcb-glx.so.0.0.0
7f2c4432f000-7f2c44331000 r-xp 00000000 08:06 17174656                   /usr/lib/x86_64-linux-gnu/libXdamage.so.1.1.0
7f2c44331000-7f2c44530000 ---p 00002000 08:06 17174656                   /usr/lib/x86_64-linux-gnu/libXdamage.so.1.1.0
7f2c44530000-7f2c44531000 r--p 00001000 08:06 17174656                   /usr/lib/x86_64-linux-gnu/libXdamage.so.1.1.0
7f2c44531000-7f2c44532000 rw-p 00002000 08:06 17174656                   /usr/lib/x86_64-linux-gnu/libXdamage.so.1.1.0
7f2c44532000-7f2c4455b000 r-xp 00000000 08:06 17170537                   /usr/lib/x86_64-linux-gnu/libglapi.so.0.0.0
7f2c4455b000-7f2c4475a000 ---p 00029000 08:06 17170537                   /usr/lib/x86_64-linux-gnu/libglapi.so.0.0.0
7f2c4475a000-7f2c4475e000 r--p 00028000 08:06 17170537                   /usr/lib/x86_64-linux-gnu/libglapi.so.0.0.0
7f2c4475e000-7f2c4475f000 rw-p 0002c000 08:06 17170537                   /usr/lib/x86_64-linux-gnu/libglapi.so.0.0.0
7f2c4475f000-7f2c44760000 rw-p 00000000 00:00 0 
7f2c44760000-7f2c44761000 r-xp 00000000 08:06 17176456                   /usr/lib/x86_64-linux-gnu/libxshmfence.so.1.0.0
7f2c44761000-7f2c44961000 ---p 00001000 08:06 17176456                   /usr/lib/x86_64-linux-gnu/libxshmfence.so.1.0.0
7f2c44961000-7f2c44962000 r--p 00001000 08:06 17176456                   /usr/lib/x86_64-linux-gnu/libxshmfence.so.1.0.0
7f2c44962000-7f2c44963000 rw-p 00002000 08:06 17176456                   /usr/lib/x86_64-linux-gnu/libxshmfence.so.1.0.0
7f2c44963000-7f2c44969000 r-xp 00000000 08:06 17170797                   /usr/lib/x86_64-linux-gnu/libxcb-sync.so.1.0.0
7f2c44969000-7f2c44b68000 ---p 00006000 08:06 17170797                   /usr/lib/x86_64-linux-gnu/libxcb-sync.so.1.0.0
7f2c44b68000-7f2c44b69000 r--p 00005000 08:06 17170797                   /usr/lib/x86_64-linux-gnu/libxcb-sync.so.1.0.0
7f2c44b69000-7f2c44b6a000 rw-p 00006000 08:06 17170797                   /usr/lib/x86_64-linux-gnu/libxcb-sync.so.1.0.0
7f2c44b6a000-7f2c44b6c000 r-xp 00000000 08:06 17170788                   /usr/lib/x86_64-linux-gnu/libxcb-present.so.0.0.0
7f2c44b6c000-7f2c44d6b000 ---p 00002000 08:06 17170788                   /usr/lib/x86_64-linux-gnu/libxcb-present.so.0.0.0
7f2c44d6b000-7f2c44d6c000 r--p 00001000 08:06 17170788                   /usr/lib/x86_64-linux-gnu/libxcb-present.so.0.0.0
7f2c44d6c000-7f2c44d6d000 rw-p 00002000 08:06 17170788                   /usr/lib/x86_64-linux-gnu/libxcb-present.so.0.0.0
7f2c44d6d000-7f2c44d6f000 r-xp 00000000 08:06 17170783                   /usr/lib/x86_64-linux-gnu/libxcb-dri3.so.0.0.0
7f2c44d6f000-7f2c44f6e000 ---p 00002000 08:06 17170783                   /usr/lib/x86_64-linux-gnu/libxcb-dri3.so.0.0.0
7f2c44f6e000-7f2c44f6f000 r--p 00001000 08:06 17170783                   /usr/lib/x86_64-linux-gnu/libxcb-dri3.so.0.0.0
7f2c44f6f000-7f2c44f70000 rw-p 00002000 08:06 17170783                   /usr/lib/x86_64-linux-gnu/libxcb-dri3.so.0.0.0
7f2c44f70000-7f2c44f97000 r-xp 00000000 08:06 6949138                    /lib/x86_64-linux-gnu/libexpat.so.1.6.2
7f2c44f97000-7f2c45197000 ---p 00027000 08:06 6949138                    /lib/x86_64-linux-gnu/libexpat.so.1.6.2
7f2c45197000-7f2c45199000 r--p 00027000 08:06 6949138                    /lib/x86_64-linux-gnu/libexpat.so.1.6.2
7f2c45199000-7f2c4519a000 rw-p 00029000 08:06 6949138                    /lib/x86_64-linux-gnu/libexpat.so.1.6.2
7f2c4519a000-7f2c4520a000 r-xp 00000000 08:06 17170532                   /usr/lib/x86_64-linux-gnu/libGL.so.1.2.0
7f2c4520a000-7f2c45409000 ---p 00070000 08:06 17170532                   /usr/lib/x86_64-linux-gnu/libGL.so.1.2.0
7f2c45409000-7f2c4540c000 r--p 0006f000 08:06 17170532                   /usr/lib/x86_64-linux-gnu/libGL.so.1.2.0
7f2c4540c000-7f2c4540d000 rw-p 00072000 08:06 17170532                   /usr/lib/x86_64-linux-gnu/libGL.so.1.2.0
7f2c4540d000-7f2c4540e000 rw-p 00000000 00:00 0 
7f2c4540e000-7f2c45411000 ---p 00000000 00:00 0 
7f2c45411000-7f2c4550f000 rw-p 00000000 00:00 0 
7f2c4550f000-7f2c45510000 ---p 00000000 00:00 0 
7f2c45510000-7f2c45610000 rw-p 00000000 00:00 0 
7f2c45610000-7f2c45611000 ---p 00000000 00:00 0 
7f2c45611000-7f2c45e11000 rw-p 00000000 00:00 0 
7f2c45e11000-7f2c45e24000 r-xp 00000000 08:06 6948709                    /lib/x86_64-linux-gnu/libgpg-error.so.0.20.0
7f2c45e24000-7f2c46023000 ---p 00013000 08:06 6948709                    /lib/x86_64-linux-gnu/libgpg-error.so.0.20.0
7f2c46023000-7f2c46024000 r--p 00012000 08:06 6948709                    /lib/x86_64-linux-gnu/libgpg-error.so.0.20.0
7f2c46024000-7f2c46025000 rw-p 00013000 08:06 6948709                    /lib/x86_64-linux-gnu/libgpg-error.so.0.20.0
7f2c46025000-7f2c46097000 r-xp 00000000 08:06 6949229                    /lib/x86_64-linux-gnu/libpcre.so.3.13.3
7f2c46097000-7f2c46296000 ---p 00072000 08:06 6949229                    /lib/x86_64-linux-gnu/libpcre.so.3.13.3
7f2c46296000-7f2c46297000 r--p 00071000 08:06 6949229                    /lib/x86_64-linux-gnu/libpcre.so.3.13.3
7f2c46297000-7f2c46298000 rw-p 00072000 08:06 6949229                    /lib/x86_64-linux-gnu/libpcre.so.3.13.3
7f2c46298000-7f2c462ac000 r-xp 00000000 08:06 6949181                    /lib/x86_64-linux-gnu/libresolv-2.24.so
7f2c462ac000-7f2c464ab000 ---p 00014000 08:06 6949181                    /lib/x86_64-linux-gnu/libresolv-2.24.so
7f2c464ab000-7f2c464ac000 r--p 00013000 08:06 6949181                    /lib/x86_64-linux-gnu/libresolv-2.24.so
7f2c464ac000-7f2c464ad000 rw-p 00014000 08:06 6949181                    /lib/x86_64-linux-gnu/libresolv-2.24.so
7f2c464ad000-7f2c464af000 rw-p 00000000 00:00 0 
7f2c464af000-7f2c4653c000 r-xp 00000000 08:06 17176281                   /usr/lib/x86_64-linux-gnu/libvorbisenc.so.2.0.11
7f2c4653c000-7f2c4673b000 ---p 0008d000 08:06 17176281                   /usr/lib/x86_64-linux-gnu/libvorbisenc.so.2.0.11
7f2c4673b000-7f2c46757000 r--p 0008c000 08:06 17176281                   /usr/lib/x86_64-linux-gnu/libvorbisenc.so.2.0.11
7f2c46757000-7f2c46758000 rw-p 000a8000 08:06 17176281                   /usr/lib/x86_64-linux-gnu/libvorbisenc.so.2.0.11
7f2c46758000-7f2c46783000 r-xp 00000000 08:06 17176279                   /usr/lib/x86_64-linux-gnu/libvorbis.so.0.4.8
7f2c46783000-7f2c46982000 ---p 0002b000 08:06 17176279                   /usr/lib/x86_64-linux-gnu/libvorbis.so.0.4.8
7f2c46982000-7f2c46983000 r--p 0002a000 08:06 17176279                   /usr/lib/x86_64-linux-gnu/libvorbis.so.0.4.8
7f2c46983000-7f2c46984000 rw-p 0002b000 08:06 17176279                   /usr/lib/x86_64-linux-gnu/libvorbis.so.0.4.8
7f2c46984000-7f2c4698b000 r-xp 00000000 08:06 17175774                   /usr/lib/x86_64-linux-gnu/libogg.so.0.8.2
7f2c4698b000-7f2c46b8b000 ---p 00007000 08:06 17175774                   /usr/lib/x86_64-linux-gnu/libogg.so.0.8.2
7f2c46b8b000-7f2c46b8c000 r--p 00007000 08:06 17175774                   /usr/lib/x86_64-linux-gnu/libogg.so.0.8.2
7f2c46b8c000-7f2c46b8d000 rw-p 00008000 08:06 17175774                   /usr/lib/x86_64-linux-gnu/libogg.so.0.8.2
7f2c46b8d000-7f2c46c01000 r-xp 00000000 08:06 17174464                   /usr/lib/x86_64-linux-gnu/libFLAC.so.8.3.0
7f2c46c01000-7f2c46e00000 ---p 00074000 08:06 17174464                   /usr/lib/x86_64-linux-gnu/libFLAC.so.8.3.0
7f2c46e00000-7f2c46e02000 r--p 00073000 08:06 17174464                   /usr/lib/x86_64-linux-gnu/libFLAC.so.8.3.0
7f2c46e02000-7f2c46e03000 rw-p 00075000 08:06 17174464                   /usr/lib/x86_64-linux-gnu/libFLAC.so.8.3.0
7f2c46e03000-7f2c46f0a000 r-xp 00000000 08:06 6948705                    /lib/x86_64-linux-gnu/libgcrypt.so.20.1.3
7f2c46f0a000-7f2c47109000 ---p 00107000 08:06 6948705                    /lib/x86_64-linux-gnu/libgcrypt.so.20.1.3
7f2c47109000-7f2c4710b000 r--p 00106000 08:06 6948705                    /lib/x86_64-linux-gnu/libgcrypt.so.20.1.3
7f2c4710b000-7f2c47112000 rw-p 00108000 08:06 6948705                    /lib/x86_64-linux-gnu/libgcrypt.so.20.1.3
7f2c47112000-7f2c47123000 r-xp 00000000 08:06 17175568                   /usr/lib/x86_64-linux-gnu/liblz4.so.1.7.1
7f2c47123000-7f2c47322000 ---p 00011000 08:06 17175568                   /usr/lib/x86_64-linux-gnu/liblz4.so.1.7.1
7f2c47322000-7f2c47323000 r--p 00010000 08:06 17175568                   /usr/lib/x86_64-linux-gnu/liblz4.so.1.7.1
7f2c47323000-7f2c47324000 rw-p 00011000 08:06 17175568                   /usr/lib/x86_64-linux-gnu/liblz4.so.1.7.1
7f2c47324000-7f2c47349000 r-xp 00000000 08:06 6949176                    /lib/x86_64-linux-gnu/liblzma.so.5.2.2
7f2c47349000-7f2c47548000 ---p 00025000 08:06 6949176                    /lib/x86_64-linux-gnu/liblzma.so.5.2.2
7f2c47548000-7f2c47549000 r--p 00024000 08:06 6949176                    /lib/x86_64-linux-gnu/liblzma.so.5.2.2
7f2c47549000-7f2c4754a000 rw-p 00025000 08:06 6949176                    /lib/x86_64-linux-gnu/liblzma.so.5.2.2
7f2c4754a000-7f2c4756f000 r-xp 00000000 08:06 6948780                    /lib/x86_64-linux-gnu/libselinux.so.1
7f2c4756f000-7f2c4776e000 ---p 00025000 08:06 6948780                    /lib/x86_64-linux-gnu/libselinux.so.1
7f2c4776e000-7f2c4776f000 r--p 00024000 08:06 6948780                    /lib/x86_64-linux-gnu/libselinux.so.1
7f2c4776f000-7f2c47770000 rw-p 00025000 08:06 6948780                    /lib/x86_64-linux-gnu/libselinux.so.1
7f2c47770000-7f2c47772000 rw-p 00000000 00:00 0 
7f2c47772000-7f2c47776000 r-xp 00000000 08:06 6948782                    /lib/x86_64-linux-gnu/libuuid.so.1.3.0
7f2c47776000-7f2c47975000 ---p 00004000 08:06 6948782                    /lib/x86_64-linux-gnu/libuuid.so.1.3.0
7f2c47975000-7f2c47976000 r--p 00003000 08:06 6948782                    /lib/x86_64-linux-gnu/libuuid.so.1.3.0
7f2c47976000-7f2c47977000 rw-p 00004000 08:06 6948782                    /lib/x86_64-linux-gnu/libuuid.so.1.3.0
7f2c47977000-7f2c4797c000 r-xp 00000000 08:06 17174738                   /usr/lib/x86_64-linux-gnu/libasyncns.so.0.3.1
7f2c4797c000-7f2c47b7b000 ---p 00005000 08:06 17174738                   /usr/lib/x86_64-linux-gnu/libasyncns.so.0.3.1
7f2c47b7b000-7f2c47b7c000 r--p 00004000 08:06 17174738                   /usr/lib/x86_64-linux-gnu/libasyncns.so.0.3.1
7f2c47b7c000-7f2c47b7d000 rw-p 00005000 08:06 17174738                   /usr/lib/x86_64-linux-gnu/libasyncns.so.0.3.1
7f2c47b7d000-7f2c47bf0000 r-xp 00000000 08:06 17170901                   /usr/lib/x86_64-linux-gnu/libsndfile.so.1.0.27
7f2c47bf0000-7f2c47df0000 ---p 00073000 08:06 17170901                   /usr/lib/x86_64-linux-gnu/libsndfile.so.1.0.27
7f2c47df0000-7f2c47df2000 r--p 00073000 08:06 17170901                   /usr/lib/x86_64-linux-gnu/libsndfile.so.1.0.27
7f2c47df2000-7f2c47df3000 rw-p 00075000 08:06 17170901                   /usr/lib/x86_64-linux-gnu/libsndfile.so.1.0.27
7f2c47df3000-7f2c47df5000 rw-p 00000000 00:00 0 
7f2c47df5000-7f2c47dfe000 r-xp 00000000 08:06 6949273                    /lib/x86_64-linux-gnu/libwrap.so.0.7.6
7f2c47dfe000-7f2c47ffd000 ---p 00009000 08:06 6949273                    /lib/x86_64-linux-gnu/libwrap.so.0.7.6
7f2c47ffd000-7f2c47ffe000 r--p 00008000 08:06 6949273                    /lib/x86_64-linux-gnu/libwrap.so.0.7.6
7f2c47ffe000-7f2c47fff000 rw-p 00009000 08:06 6949273                    /lib/x86_64-linux-gnu/libwrap.so.0.7.6
7f2c47fff000-7f2c48000000 rw-p 00000000 00:00 0 
7f2c48000000-7f2c48021000 rw-p 00000000 00:00 0 
7f2c48021000-7f2c4c000000 ---p 00000000 00:00 0 
7f2c4c00b000-7f2c4c00e000 ---p 00000000 00:00 0 
7f2c4c00e000-7f2c4c044000 rw-p 00000000 00:00 0 
7f2c4c044000-7f2c4c0c8000 r-xp 00000000 08:06 6948625                    /lib/x86_64-linux-gnu/libsystemd.so.0.17.0
7f2c4c0c8000-7f2c4c0c9000 ---p 00084000 08:06 6948625                    /lib/x86_64-linux-gnu/libsystemd.so.0.17.0
7f2c4c0c9000-7f2c4c0cc000 r--p 00084000 08:06 6948625                    /lib/x86_64-linux-gnu/libsystemd.so.0.17.0
7f2c4c0cc000-7f2c4c0cd000 rw-p 00087000 08:06 6948625                    /lib/x86_64-linux-gnu/libsystemd.so.0.17.0
7f2c4c0cd000-7f2c4c0ce000 rw-p 00000000 00:00 0 
7f2c4c0ce000-7f2c4c0d5000 r-xp 00000000 08:06 17174631                   /usr/lib/x86_64-linux-gnu/libSM.so.6.0.1
7f2c4c0d5000-7f2c4c2d4000 ---p 00007000 08:06 17174631                   /usr/lib/x86_64-linux-gnu/libSM.so.6.0.1
7f2c4c2d4000-7f2c4c2d5000 r--p 00006000 08:06 17174631                   /usr/lib/x86_64-linux-gnu/libSM.so.6.0.1
7f2c4c2d5000-7f2c4c2d6000 rw-p 00007000 08:06 17174631                   /usr/lib/x86_64-linux-gnu/libSM.so.6.0.1
7f2c4c2d6000-7f2c4c2ee000 r-xp 00000000 08:06 17174480                   /usr/lib/x86_64-linux-gnu/libICE.so.6.3.0
7f2c4c2ee000-7f2c4c4ed000 ---p 00018000 08:06 17174480                   /usr/lib/x86_64-linux-gnu/libICE.so.6.3.0
7f2c4c4ed000-7f2c4c4ee000 r--p 00017000 08:06 17174480                   /usr/lib/x86_64-linux-gnu/libICE.so.6.3.0
7f2c4c4ee000-7f2c4c4ef000 rw-p 00018000 08:06 17174480                   /usr/lib/x86_64-linux-gnu/libICE.so.6.3.0
7f2c4c4ef000-7f2c4c4f3000 rw-p 00000000 00:00 0 
7f2c4c4f3000-7f2c4c4f4000 r-xp 00000000 08:06 17174637                   /usr/lib/x86_64-linux-gnu/libX11-xcb.so.1.0.0
7f2c4c4f4000-7f2c4c6f3000 ---p 00001000 08:06 17174637                   /usr/lib/x86_64-linux-gnu/libX11-xcb.so.1.0.0
7f2c4c6f3000-7f2c4c6f4000 r--p 00000000 08:06 17174637                   /usr/lib/x86_64-linux-gnu/libX11-xcb.so.1.0.0
7f2c4c6f4000-7f2c4c6f5000 rw-p 00001000 08:06 17174637                   /usr/lib/x86_64-linux-gnu/libX11-xcb.so.1.0.0
7f2c4c6f5000-7f2c4c6f9000 r-xp 00000000 08:06 6949113                    /lib/x86_64-linux-gnu/libcap.so.2.25
7f2c4c6f9000-7f2c4c8f9000 ---p 00004000 08:06 6949113                    /lib/x86_64-linux-gnu/libcap.so.2.25
7f2c4c8f9000-7f2c4c8fa000 r--p 00004000 08:06 6949113                    /lib/x86_64-linux-gnu/libcap.so.2.25
7f2c4c8fa000-7f2c4c8fb000 rw-p 00005000 08:06 6949113                    /lib/x86_64-linux-gnu/libcap.so.2.25
7f2c4c8fb000-7f2c4c948000 r-xp 00000000 08:06 6948647                    /lib/x86_64-linux-gnu/libdbus-1.so.3.14.9
7f2c4c948000-7f2c4cb47000 ---p 0004d000 08:06 6948647                    /lib/x86_64-linux-gnu/libdbus-1.so.3.14.9
7f2c4cb47000-7f2c4cb49000 r--p 0004c000 08:06 6948647                    /lib/x86_64-linux-gnu/libdbus-1.so.3.14.9
7f2c4cb49000-7f2c4cb4a000 rw-p 0004e000 08:06 6948647                    /lib/x86_64-linux-gnu/libdbus-1.so.3.14.9
7f2c4cb4a000-7f2c4cbc9000 r-xp 00000000 08:06 17304934                   /usr/lib/x86_64-linux-gnu/pulseaudio/libpulsecommon-9.0.so
7f2c4cbc9000-7f2c4cdc9000 ---p 0007f000 08:06 17304934                   /usr/lib/x86_64-linux-gnu/pulseaudio/libpulsecommon-9.0.so
7f2c4cdc9000-7f2c4cdcb000 r--p 0007f000 08:06 17304934                   /usr/lib/x86_64-linux-gnu/pulseaudio/libpulsecommon-9.0.so
7f2c4cdcb000-7f2c4cdcc000 rw-p 00081000 08:06 17304934                   /usr/lib/x86_64-linux-gnu/pulseaudio/libpulsecommon-9.0.so
7f2c4cdcc000-7f2c4cdd6000 r-xp 00000000 08:06 6948749                    /lib/x86_64-linux-gnu/libjson-c.so.3.0.1
7f2c4cdd6000-7f2c4cfd5000 ---p 0000a000 08:06 6948749                    /lib/x86_64-linux-gnu/libjson-c.so.3.0.1
7f2c4cfd5000-7f2c4cfd6000 r--p 00009000 08:06 6948749                    /lib/x86_64-linux-gnu/libjson-c.so.3.0.1
7f2c4cfd6000-7f2c4cfd7000 rw-p 0000a000 08:06 6948749                    /lib/x86_64-linux-gnu/libjson-c.so.3.0.1
7f2c4cfd7000-7f2c4d026000 r-xp 00000000 08:06 17170910                   /usr/lib/x86_64-linux-gnu/libpulse.so.0.20.0
7f2c4d026000-7f2c4d225000 ---p 0004f000 08:06 17170910                   /usr/lib/x86_64-linux-gnu/libpulse.so.0.20.0
7f2c4d225000-7f2c4d227000 r--p 0004e000 08:06 17170910                   /usr/lib/x86_64-linux-gnu/libpulse.so.0.20.0
7f2c4d227000-7f2c4d228000 rw-p 00050000 08:06 17170910                   /usr/lib/x86_64-linux-gnu/libpulse.so.0.20.0
7f2c4d228000-7f2c4d27d000 r-xp 00000000 08:06 5636194                    /tmp/libgdxkaliuser/31ce78a2/libopenal64.so
7f2c4d27d000-7f2c4d47c000 ---p 00055000 08:06 5636194                    /tmp/libgdxkaliuser/31ce78a2/libopenal64.so
7f2c4d47c000-7f2c4d47f000 r--p 00054000 08:06 5636194                    /tmp/libgdxkaliuser/31ce78a2/libopenal64.so
7f2c4d47f000-7f2c4d480000 rw-p 00057000 08:06 5636194                    /tmp/libgdxkaliuser/31ce78a2/libopenal64.so
7f2c4d480000-7f2c4d481000 rw-p 00000000 00:00 0 
7f2c4d481000-7f2c4d486000 r-xp 00000000 08:06 17174703                   /usr/lib/x86_64-linux-gnu/libXxf86vm.so.1.0.0
7f2c4d486000-7f2c4d685000 ---p 00005000 08:06 17174703                   /usr/lib/x86_64-linux-gnu/libXxf86vm.so.1.0.0
7f2c4d685000-7f2c4d686000 r--p 00004000 08:06 17174703                   /usr/lib/x86_64-linux-gnu/libXxf86vm.so.1.0.0
7f2c4d686000-7f2c4d687000 rw-p 00005000 08:06 17174703                   /usr/lib/x86_64-linux-gnu/libXxf86vm.so.1.0.0
7f2c4d687000-7f2c4d691000 r-xp 00000000 08:06 17174683                   /usr/lib/x86_64-linux-gnu/libXrandr.so.2.2.0
7f2c4d691000-7f2c4d890000 ---p 0000a000 08:06 17174683                   /usr/lib/x86_64-linux-gnu/libXrandr.so.2.2.0
7f2c4d890000-7f2c4d891000 r--p 00009000 08:06 17174683                   /usr/lib/x86_64-linux-gnu/libXrandr.so.2.2.0
7f2c4d891000-7f2c4d892000 rw-p 0000a000 08:06 17174683                   /usr/lib/x86_64-linux-gnu/libXrandr.so.2.2.0
7f2c4d892000-7f2c4d902000 r-xp 00000000 08:06 5636193                    /tmp/libgdxkaliuser/31ce78a2/liblwjgl64.so
7f2c4d902000-7f2c4db02000 ---p 00070000 08:06 5636193                    /tmp/libgdxkaliuser/31ce78a2/liblwjgl64.so
7f2c4db02000-7f2c4db04000 r--p 00070000 08:06 5636193                    /tmp/libgdxkaliuser/31ce78a2/liblwjgl64.so
7f2c4db04000-7f2c4db05000 rw-p 00072000 08:06 5636193                    /tmp/libgdxkaliuser/31ce78a2/liblwjgl64.so
7f2c4db05000-7f2c4db06000 r-xp 00000000 08:06 32899726                   /home/kaliuser/Документы/app/android-studio/jre/jre/lib/amd64/libjawt.so
7f2c4db06000-7f2c4dd05000 ---p 00001000 08:06 32899726                   /home/kaliuser/Документы/app/android-studio/jre/jre/lib/amd64/libjawt.so
7f2c4dd05000-7f2c4dd06000 r--p 00000000 08:06 32899726                   /home/kaliuser/Документы/app/android-studio/jre/jre/lib/amd64/libjawt.so
7f2c4dd06000-7f2c4dd07000 rw-p 00001000 08:06 32899726                   /home/kaliuser/Документы/app/android-studio/jre/jre/lib/amd64/libjawt.so
7f2c4dd07000-7f2c4dd0a000 ---p 00000000 00:00 0 
7f2c4dd0a000-7f2c4de08000 rw-p 00000000 00:00 0 
7f2c4de08000-7f2c4de0d000 r-xp 00000000 08:06 17174664                   /usr/lib/x86_64-linux-gnu/libXfixes.so.3.1.0
7f2c4de0d000-7f2c4e00c000 ---p 00005000 08:06 17174664                   /usr/lib/x86_64-linux-gnu/libXfixes.so.3.1.0
7f2c4e00c000-7f2c4e00d000 r--p 00004000 08:06 17174664                   /usr/lib/x86_64-linux-gnu/libXfixes.so.3.1.0
7f2c4e00d000-7f2c4e00e000 rw-p 00005000 08:06 17174664                   /usr/lib/x86_64-linux-gnu/libXfixes.so.3.1.0
7f2c4e00e000-7f2c4e018000 r-xp 00000000 08:06 17174654                   /usr/lib/x86_64-linux-gnu/libXcursor.so.1.0.2
7f2c4e018000-7f2c4e217000 ---p 0000a000 08:06 17174654                   /usr/lib/x86_64-linux-gnu/libXcursor.so.1.0.2
7f2c4e217000-7f2c4e218000 r--p 00009000 08:06 17174654                   /usr/lib/x86_64-linux-gnu/libXcursor.so.1.0.2
7f2c4e218000-7f2c4e219000 rw-p 0000a000 08:06 17174654                   /usr/lib/x86_64-linux-gnu/libXcursor.so.1.0.2
7f2c4e219000-7f2c4e24a000 r-xp 00000000 08:06 17170678                   /usr/lib/x86_64-linux-gnu/libpng16.so.16.26.0
7f2c4e24a000-7f2c4e44a000 ---p 00031000 08:06 17170678                   /usr/lib/x86_64-linux-gnu/libpng16.so.16.26.0
7f2c4e44a000-7f2c4e44b000 r--p 00031000 08:06 17170678                   /usr/lib/x86_64-linux-gnu/libpng16.so.16.26.0
7f2c4e44b000-7f2c4e44c000 rw-p 00032000 08:06 17170678                   /usr/lib/x86_64-linux-gnu/libpng16.so.16.26.0
7f2c4e44c000-7f2c4e465000 r-xp 00000000 08:06 6948778                    /lib/x86_64-linux-gnu/libz.so.1.2.8
7f2c4e465000-7f2c4e664000 ---p 00019000 08:06 6948778                    /lib/x86_64-linux-gnu/libz.so.1.2.8
7f2c4e664000-7f2c4e665000 r--p 00018000 08:06 6948778                    /lib/x86_64-linux-gnu/libz.so.1.2.8
7f2c4e665000-7f2c4e666000 rw-p 00019000 08:06 6948778                    /lib/x86_64-linux-gnu/libz.so.1.2.8
7f2c4e666000-7f2c4e70e000 r-xp 00000000 08:06 17175134                   /usr/lib/x86_64-linux-gnu/libfreetype.so.6.12.3
7f2c4e70e000-7f2c4e90e000 ---p 000a8000 08:06 17175134                   /usr/lib/x86_64-linux-gnu/libfreetype.so.6.12.3
7f2c4e90e000-7f2c4e914000 r--p 000a8000 08:06 17175134                   /usr/lib/x86_64-linux-gnu/libfreetype.so.6.12.3
7f2c4e914000-7f2c4e915000 rw-p 000ae000 08:06 17175134                   /usr/lib/x86_64-linux-gnu/libfreetype.so.6.12.3
7f2c4e915000-7f2c4e9e9000 r-xp 00000000 08:06 32899730                   /home/kaliuser/Документы/app/android-studio/jre/jre/lib/amd64/libfontmanager.so
7f2c4e9e9000-7f2c4ebe9000 ---p 000d4000 08:06 32899730                   /home/kaliuser/Документы/app/android-studio/jre/jre/lib/amd64/libfontmanager.so
7f2c4ebe9000-7f2c4ebed000 r--p 000d4000 08:06 32899730                   /home/kaliuser/Документы/app/android-studio/jre/jre/lib/amd64/libfontmanager.so
7f2c4ebed000-7f2c4ebee000 rw-p 000d8000 08:06 32899730                   /home/kaliuser/Документы/app/android-studio/jre/jre/lib/amd64/libfontmanager.so
7f2c4ebee000-7f2c4ec01000 rw-p 00000000 00:00 0 
7f2c4ec01000-7f2c4ec06000 r-xp 00000000 08:06 17174660                   /usr/lib/x86_64-linux-gnu/libXdmcp.so.6.0.0
7f2c4ec06000-7f2c4ee05000 ---p 00005000 08:06 17174660                   /usr/lib/x86_64-linux-gnu/libXdmcp.so.6.0.0
7f2c4ee05000-7f2c4ee06000 r--p 00004000 08:06 17174660                   /usr/lib/x86_64-linux-gnu/libXdmcp.so.6.0.0
7f2c4ee06000-7f2c4ee07000 rw-p 00005000 08:06 17174660                   /usr/lib/x86_64-linux-gnu/libXdmcp.so.6.0.0
7f2c4ee07000-7f2c4ee0a000 r-xp 00000000 08:06 17174647                   /usr/lib/x86_64-linux-gnu/libXau.so.6.0.0
7f2c4ee0a000-7f2c4f009000 ---p 00003000 08:06 17174647                   /usr/lib/x86_64-linux-gnu/libXau.so.6.0.0
7f2c4f009000-7f2c4f00a000 r--p 00002000 08:06 17174647                   /usr/lib/x86_64-linux-gnu/libXau.so.6.0.0
7f2c4f00a000-7f2c4f00b000 rw-p 00003000 08:06 17174647                   /usr/lib/x86_64-linux-gnu/libXau.so.6.0.0
7f2c4f00b000-7f2c4f032000 r-xp 00000000 08:06 17170779                   /usr/lib/x86_64-linux-gnu/libxcb.so.1.1.0
7f2c4f032000-7f2c4f231000 ---p 00027000 08:06 17170779                   /usr/lib/x86_64-linux-gnu/libxcb.so.1.1.0
7f2c4f231000-7f2c4f232000 r--p 00026000 08:06 17170779                   /usr/lib/x86_64-linux-gnu/libxcb.so.1.1.0
7f2c4f232000-7f2c4f233000 rw-p 00027000 08:06 17170779                   /usr/lib/x86_64-linux-gnu/libxcb.so.1.1.0
7f2c4f233000-7f2c4f242000 r-xp 00000000 08:06 17170728                   /usr/lib/x86_64-linux-gnu/libXi.so.6.1.0
7f2c4f242000-7f2c4f441000 ---p 0000f000 08:06 17170728                   /usr/lib/x86_64-linux-gnu/libXi.so.6.1.0
7f2c4f441000-7f2c4f442000 r--p 0000e000 08:06 17170728                   /usr/lib/x86_64-linux-gnu/libXi.so.6.1.0
7f2c4f442000-7f2c4f443000 rw-p 0000f000 08:06 17170728                   /usr/lib/x86_64-linux-gnu/libXi.so.6.1.0
7f2c4f443000-7f2c4f448000 r-xp 00000000 08:06 17174693                   /usr/lib/x86_64-linux-gnu/libXtst.so.6.1.0
7f2c4f448000-7f2c4f647000 ---p 00005000 08:06 17174693                   /usr/lib/x86_64-linux-gnu/libXtst.so.6.1.0
7f2c4f647000-7f2c4f648000 r--p 00004000 08:06 17174693                   /usr/lib/x86_64-linux-gnu/libXtst.so.6.1.0
7f2c4f648000-7f2c4f649000 rw-p 00005000 08:06 17174693                   /usr/lib/x86_64-linux-gnu/libXtst.so.6.1.0
7f2c4f649000-7f2c4f652000 r-xp 00000000 08:06 17174685                   /usr/lib/x86_64-linux-gnu/libXrender.so.1.3.0
7f2c4f652000-7f2c4f851000 ---p 00009000 08:06 17174685                   /usr/lib/x86_64-linux-gnu/libXrender.so.1.3.0
7f2c4f851000-7f2c4f852000 r--p 00008000 08:06 17174685                   /usr/lib/x86_64-linux-gnu/libXrender.so.1.3.0
7f2c4f852000-7f2c4f853000 rw-p 00009000 08:06 17174685                   /usr/lib/x86_64-linux-gnu/libXrender.so.1.3.0
7f2c4f853000-7f2c4f98f000 r-xp 00000000 08:06 17174641                   /usr/lib/x86_64-linux-gnu/libX11.so.6.3.0
7f2c4f98f000-7f2c4fb8e000 ---p 0013c000 08:06 17174641                   /usr/lib/x86_64-linux-gnu/libX11.so.6.3.0
7f2c4fb8e000-7f2c4fb90000 r--p 0013b000 08:06 17174641                   /usr/lib/x86_64-linux-gnu/libX11.so.6.3.0
7f2c4fb90000-7f2c4fb95000 rw-p 0013d000 08:06 17174641                   /usr/lib/x86_64-linux-gnu/libX11.so.6.3.0
7f2c4fb95000-7f2c4fb96000 rw-p 00000000 00:00 0 
7f2c4fb96000-7f2c4fba7000 r-xp 00000000 08:06 17174662                   /usr/lib/x86_64-linux-gnu/libXext.so.6.4.0
7f2c4fba7000-7f2c4fda6000 ---p 00011000 08:06 17174662                   /usr/lib/x86_64-linux-gnu/libXext.so.6.4.0
7f2c4fda6000-7f2c4fda7000 r--p 00010000 08:06 17174662                   /usr/lib/x86_64-linux-gnu/libXext.so.6.4.0
7f2c4fda7000-7f2c4fda8000 rw-p 00011000 08:06 17174662                   /usr/lib/x86_64-linux-gnu/libXext.so.6.4.0
7f2c4fda8000-7f2c4fdfc000 r-xp 00000000 08:06 32899744                   /home/kaliuser/Документы/app/android-studio/jre/jre/lib/amd64/libawt_xawt.so
7f2c4fdfc000-7f2c4fffb000 ---p 00054000 08:06 32899744                   /home/kaliuser/Документы/app/android-studio/jre/jre/lib/amd64/libawt_xawt.so
7f2c4fffb000-7f2c4fffc000 r--p 00053000 08:06 32899744                   /home/kaliuser/Документы/app/android-studio/jre/jre/lib/amd64/libawt_xawt.so
7f2c4fffc000-7f2c4ffff000 rw-p 00054000 08:06 32899744                   /home/kaliuser/Документы/app/android-studio/jre/jre/lib/amd64/libawt_xawt.so
7f2c4ffff000-7f2c50000000 rw-p 00000000 00:00 0 
7f2c50000000-7f2c50021000 rw-p 00000000 00:00 0 
7f2c50021000-7f2c54000000 ---p 00000000 00:00 0 
7f2c54000000-7f2c54021000 rw-p 00000000 00:00 0 
7f2c54021000-7f2c58000000 ---p 00000000 00:00 0 
7f2c58000000-7f2c5829d000 rw-p 00000000 00:00 0 
7f2c5829d000-7f2c5c000000 ---p 00000000 00:00 0 
7f2c5c000000-7f2c5c021000 rw-p 00000000 00:00 0 
7f2c5c021000-7f2c60000000 ---p 00000000 00:00 0 
7f2c60000000-7f2c60139000 rw-p 00000000 00:00 0 
7f2c60139000-7f2c64000000 ---p 00000000 00:00 0 
7f2c64000000-7f2c641f7000 rw-p 00000000 00:00 0 
7f2c641f7000-7f2c68000000 ---p 00000000 00:00 0 
7f2c68000000-7f2c68021000 rw-p 00000000 00:00 0 
7f2c68021000-7f2c6c000000 ---p 00000000 00:00 0 
7f2c6c000000-7f2c6c1d7000 rw-p 00000000 00:00 0 
7f2c6c1d7000-7f2c70000000 ---p 00000000 00:00 0 
7f2c70000000-7f2c70021000 rw-p 00000000 00:00 0 
7f2c70021000-7f2c74000000 ---p 00000000 00:00 0 
7f2c74000000-7f2c74021000 rw-p 00000000 00:00 0 
7f2c74021000-7f2c78000000 ---p 00000000 00:00 0 
7f2c78000000-7f2c78021000 rw-p 00000000 00:00 0 
7f2c78021000-7f2c7c000000 ---p 00000000 00:00 0 
7f2c7c00b000-7f2c7c00c000 rw-s 00000000 00:05 304316                     /drm mm object (deleted)
7f2c7c00c000-7f2c7c00d000 rw-s 00000000 00:05 300548                     /memfd:xshmfence (deleted)
7f2c7c00d000-7f2c7c013000 rw-s 00000000 00:05 300545                     /drm mm object (deleted)
7f2c7c013000-7f2c7c019000 rw-s 00000000 00:05 300541                     /drm mm object (deleted)
7f2c7c019000-7f2c7c01f000 rw-s 00000000 00:05 300540                     /drm mm object (deleted)
7f2c7c01f000-7f2c7c020000 rwxp 00000000 00:00 0 
7f2c7c020000-7f2c7c021000 rw-s 00000000 00:05 300532                     /memfd:xshmfence (deleted)
7f2c7c021000-7f2c7c029000 rw-s 00000000 00:05 300530                     /drm mm object (deleted)
7f2c7c029000-7f2c7c031000 rw-s 00000000 00:05 300529                     /drm mm object (deleted)
7f2c7c031000-7f2c7c034000 ---p 00000000 00:00 0 
7f2c7c034000-7f2c7c132000 rw-p 00000000 00:00 0 
7f2c7c132000-7f2c7c162000 r--p 00000000 08:06 20317869                   /usr/share/locale/ru/LC_MESSAGES/libc.mo
7f2c7c162000-7f2c7c203000 r-xp 00000000 08:06 32899752                   /home/kaliuser/Документы/app/android-studio/jre/jre/lib/amd64/libawt.so
7f2c7c203000-7f2c7c402000 ---p 000a1000 08:06 32899752                   /home/kaliuser/Документы/app/android-studio/jre/jre/lib/amd64/libawt.so
7f2c7c402000-7f2c7c403000 r--p 000a0000 08:06 32899752                   /home/kaliuser/Документы/app/android-studio/jre/jre/lib/amd64/libawt.so
7f2c7c403000-7f2c7c40e000 rw-p 000a1000 08:06 32899752                   /home/kaliuser/Документы/app/android-studio/jre/jre/lib/amd64/libawt.so
7f2c7c40e000-7f2c7c433000 rw-p 00000000 00:00 0 
7f2c7c433000-7f2c7c449000 r-xp 00000000 08:06 6948788                    /lib/x86_64-linux-gnu/libgcc_s.so.1
7f2c7c449000-7f2c7c648000 ---p 00016000 08:06 6948788                    /lib/x86_64-linux-gnu/libgcc_s.so.1
7f2c7c648000-7f2c7c649000 r--p 00015000 08:06 6948788                    /lib/x86_64-linux-gnu/libgcc_s.so.1
7f2c7c649000-7f2c7c64a000 rw-p 00016000 08:06 6948788                    /lib/x86_64-linux-gnu/libgcc_s.so.1
7f2c7c64a000-7f2c7c7bc000 r-xp 00000000 08:06 17170442                   /usr/lib/x86_64-linux-gnu/libstdc++.so.6.0.22
7f2c7c7bc000-7f2c7c9bb000 ---p 00172000 08:06 17170442                   /usr/lib/x86_64-linux-gnu/libstdc++.so.6.0.22
7f2c7c9bb000-7f2c7c9c5000 r--p 00171000 08:06 17170442                   /usr/lib/x86_64-linux-gnu/libstdc++.so.6.0.22
7f2c7c9c5000-7f2c7c9c7000 rw-p 0017b000 08:06 17170442                   /usr/lib/x86_64-linux-gnu/libstdc++.so.6.0.22
7f2c7c9c7000-7f2c7c9cb000 rw-p 00000000 00:00 0 
7f2c7c9cb000-7f2c7c9d3000 rw-s 00000000 00:05 300524                     /drm mm object (deleted)
7f2c7c9d3000-7f2c7c9eb000 r--p 00000000 08:06 20321850                   /usr/share/locale/ru/LC_MESSAGES/pulseaudio.mo
7f2c7c9eb000-7f2c7c9f0000 r--s 002f9000 08:06 32899699                   /home/kaliuser/Документы/app/android-studio/jre/jre/lib/charsets.jar
7f2c7c9f0000-7f2c7ca28000 r-xp 00000000 08:06 5636191                    /tmp/libgdxkaliuser/6ef2d459/libgdx64.so
7f2c7ca28000-7f2c7cc27000 ---p 00038000 08:06 5636191                    /tmp/libgdxkaliuser/6ef2d459/libgdx64.so
7f2c7cc27000-7f2c7cc28000 r--p 00037000 08:06 5636191                    /tmp/libgdxkaliuser/6ef2d459/libgdx64.so
7f2c7cc28000-7f2c7cc29000 rw-p 00038000 08:06 5636191                    /tmp/libgdxkaliuser/6ef2d459/libgdx64.so
7f2c7cc29000-7f2c7cf2a000 rw-p 00000000 00:00 0 
7f2c7cf2a000-7f2c7cf41000 r-xp 00000000 08:06 32899731                   /home/kaliuser/Документы/app/android-studio/jre/jre/lib/amd64/libnet.so
7f2c7cf41000-7f2c7d140000 ---p 00017000 08:06 32899731                   /home/kaliuser/Документы/app/android-studio/jre/jre/lib/amd64/libnet.so
7f2c7d140000-7f2c7d141000 r--p 00016000 08:06 32899731                   /home/kaliuser/Документы/app/android-studio/jre/jre/lib/amd64/libnet.so
7f2c7d141000-7f2c7d142000 rw-p 00017000 08:06 32899731                   /home/kaliuser/Документы/app/android-studio/jre/jre/lib/amd64/libnet.so
7f2c7d142000-7f2c7d145000 ---p 00000000 00:00 0 
7f2c7d145000-7f2c7d243000 rw-p 00000000 00:00 0 
7f2c7d243000-7f2c7d244000 r-xp 00000000 08:06 32899574                   /home/kaliuser/Документы/app/android-studio/bin/libbreakgen64.so
7f2c7d244000-7f2c7d443000 ---p 00001000 08:06 32899574                   /home/kaliuser/Документы/app/android-studio/bin/libbreakgen64.so
7f2c7d443000-7f2c7d444000 r--p 00000000 08:06 32899574                   /home/kaliuser/Документы/app/android-studio/bin/libbreakgen64.so
7f2c7d444000-7f2c7d445000 rw-p 00001000 08:06 32899574                   /home/kaliuser/Документы/app/android-studio/bin/libbreakgen64.so
7f2c7d445000-7f2c7d460000 r--s 001b0000 08:06 5641010                    /home/kaliuser/.gradle/caches/modules-2/files-2.1/com.badlogicgames.gdx/gdx/1.9.4/4b4b7962d1bc75af0438f5c81ec1010557bc9ee5/gdx-1.9.4.jar
7f2c7d460000-7f2c7d461000 ---p 00000000 00:00 0 
7f2c7d461000-7f2c7d561000 rw-p 00000000 00:00 0 
7f2c7d561000-7f2c7d564000 ---p 00000000 00:00 0 
7f2c7d564000-7f2c7d662000 rw-p 00000000 00:00 0 
7f2c7d662000-7f2c7d665000 ---p 00000000 00:00 0 
7f2c7d665000-7f2c7d763000 rw-p 00000000 00:00 0 
7f2c7d763000-7f2c7d766000 ---p 00000000 00:00 0 
7f2c7d766000-7f2c7d864000 rw-p 00000000 00:00 0 
7f2c7d864000-7f2c7d867000 ---p 00000000 00:00 0 
7f2c7d867000-7f2c7d965000 rw-p 00000000 00:00 0 
7f2c7d965000-7f2c7d968000 ---p 00000000 00:00 0 
7f2c7d968000-7f2c7da66000 rw-p 00000000 00:00 0 
7f2c7da66000-7f2c7da69000 ---p 00000000 00:00 0 
7f2c7da69000-7f2c7db67000 rw-p 00000000 00:00 0 
7f2c7db67000-7f2c7dbb5000 r--p 00000000 08:06 17039515                   /usr/lib/locale/aa_DJ.utf8/LC_CTYPE
7f2c7dbb5000-7f2c7dce5000 r--p 00000000 08:06 17043023                   /usr/lib/locale/be_BY.utf8/LC_COLLATE
7f2c7dce5000-7f2c7dce8000 ---p 00000000 00:00 0 
7f2c7dce8000-7f2c7dde6000 rw-p 00000000 00:00 0 
7f2c7dde6000-7f2c7dde9000 ---p 00000000 00:00 0 
7f2c7dde9000-7f2c7dee7000 rw-p 00000000 00:00 0 
7f2c7dee7000-7f2c7dee8000 ---p 00000000 00:00 0 
7f2c7dee8000-7f2c80000000 rw-p 00000000 00:00 0 
7f2c80000000-7f2c80021000 rw-p 00000000 00:00 0 
7f2c80021000-7f2c84000000 ---p 00000000 00:00 0 
7f2c84000000-7f2c84021000 rw-p 00000000 00:00 0 
7f2c84021000-7f2c88000000 ---p 00000000 00:00 0 
7f2c88000000-7f2c88021000 rw-p 00000000 00:00 0 
7f2c88021000-7f2c8c000000 ---p 00000000 00:00 0 
7f2c8c000000-7f2c8c021000 rw-p 00000000 00:00 0 
7f2c8c021000-7f2c90000000 ---p 00000000 00:00 0 
7f2c90000000-7f2c90021000 rw-p 00000000 00:00 0 
7f2c90021000-7f2c94000000 ---p 00000000 00:00 0 
7f2c94000000-7f2c94001000 rw-s 00000000 00:05 300526                     /drm mm object (deleted)
7f2c94001000-7f2c94002000 rw-s 1039ce000 00:06 11475                     /dev/dri/card0
7f2c94002000-7f2c94006000 r--s 00097000 08:06 32899719                   /home/kaliuser/Документы/app/android-studio/jre/jre/lib/jsse.jar
7f2c94006000-7f2c94008000 r--s 0001e000 08:06 32899438                   /home/kaliuser/Документы/app/android-studio/lib/idea_rt.jar
7f2c94008000-7f2c94009000 r--s 00002000 08:06 5641040                    /home/kaliuser/.gradle/caches/modules-2/files-2.1/net.java.jinput/jinput-platform/2.0.5/53f9c919f34d2ca9de8c51fc4e1e8282029a9232/jinput-platform-2.0.5-natives-osx.jar
7f2c94009000-7f2c9400d000 r--s 0002f000 08:06 5641036                    /home/kaliuser/.gradle/caches/modules-2/files-2.1/net.java.jinput/jinput/2.0.5/39c7796b469a600f72380316f6b1f11db6c2c7c4/jinput-2.0.5.jar
7f2c9400d000-7f2c94423000 rw-p 00000000 00:00 0 
7f2c94423000-7f2c945f0000 r--s 03bec000 08:06 32899701                   /home/kaliuser/Документы/app/android-studio/jre/jre/lib/rt.jar
7f2c945f0000-7f2c98000000 rw-p 00000000 00:00 0 
7f2c98000000-7f2c98021000 rw-p 00000000 00:00 0 
7f2c98021000-7f2c9c000000 ---p 00000000 00:00 0 
7f2c9c000000-7f2c9c021000 rw-p 00000000 00:00 0 
7f2c9c021000-7f2ca0000000 ---p 00000000 00:00 0 
7f2ca0000000-7f2ca0021000 rw-p 00000000 00:00 0 
7f2ca0021000-7f2ca4000000 ---p 00000000 00:00 0 
7f2ca4000000-7f2ca4001000 r--s 00025000 08:06 5641039                    /home/kaliuser/.gradle/caches/modules-2/files-2.1/net.java.jinput/jinput-platform/2.0.5/385ee093e01f587f30ee1c8a2ee7d408fd732e16/jinput-platform-2.0.5-natives-windows.jar
7f2ca4001000-7f2ca4002000 r--s 00002000 08:06 5641038                    /home/kaliuser/.gradle/caches/modules-2/files-2.1/net.java.jinput/jinput-platform/2.0.5/7ff832a6eb9ab6a767f1ade2b548092d0fa64795/jinput-platform-2.0.5-natives-linux.jar
7f2ca4002000-7f2ca4003000 r--s 00001000 08:06 5641037                    /home/kaliuser/.gradle/caches/modules-2/files-2.1/net.java.jutils/jutils/1.0.0/e12fe1fda814bd348c1579329c86943d2cd3c6a6/jutils-1.0.0.jar
7f2ca4003000-7f2ca4004000 r--s 00068000 08:06 5641035                    /home/kaliuser/.gradle/caches/modules-2/files-2.1/org.lwjgl.lwjgl/lwjgl-platform/2.9.2/d55b46b40b40249d627a83a7f7f22649709d70c3/lwjgl-platform-2.9.2-natives-osx.jar
7f2ca4004000-7f2ca4005000 r--s 0008d000 08:06 5641034                    /home/kaliuser/.gradle/caches/modules-2/files-2.1/org.lwjgl.lwjgl/lwjgl-platform/2.9.2/d276cdf61fe2b516c7b7f4aa1b8dea91dbdc8d56/lwjgl-platform-2.9.2-natives-linux.jar
7f2ca4005000-7f2ca4007000 r--s 00017000 08:06 5641032                    /home/kaliuser/.gradle/caches/modules-2/files-2.1/org.jcraft/jorbis/0.0.17/8872d22b293e8f5d7d56ff92be966e6dc28ebdc6/jorbis-0.0.17.jar
7f2ca4007000-7f2ca400b000 r--s 00027000 08:06 5641030                    /home/kaliuser/.gradle/caches/modules-2/files-2.1/org.lwjgl.lwjgl/lwjgl_util/2.9.2/4b9e37300a87799856e0bd15ed81663cdb6b0947/lwjgl_util-2.9.2.jar
7f2ca400b000-7f2ca401e000 r--s 00344000 08:06 32899667                   /home/kaliuser/Документы/app/android-studio/jre/jre/lib/resources.jar
7f2ca401e000-7f2ca4456000 rw-p 00000000 00:00 0 
7f2ca4456000-7f2ca4457000 ---p 00000000 00:00 0 
7f2ca4457000-7f2ca4557000 rw-p 00000000 00:00 0 
7f2ca4557000-7f2ca4558000 ---p 00000000 00:00 0 
7f2ca4558000-7f2ca4658000 rw-p 00000000 00:00 0 
7f2ca4658000-7f2ca4659000 ---p 00000000 00:00 0 
7f2ca4659000-7f2ca4759000 rw-p 00000000 00:00 0 
7f2ca4759000-7f2ca475a000 ---p 00000000 00:00 0 
7f2ca475a000-7f2ca485a000 rw-p 00000000 00:00 0 
7f2ca485a000-7f2ca485b000 ---p 00000000 00:00 0 
7f2ca485b000-7f2ca495b000 rw-p 00000000 00:00 0 
7f2ca495b000-7f2ca495c000 ---p 00000000 00:00 0 
7f2ca495c000-7f2ca4a5c000 rw-p 00000000 00:00 0 
7f2ca4a5c000-7f2ca4a5d000 ---p 00000000 00:00 0 
7f2ca4a5d000-7f2ca4b5d000 rw-p 00000000 00:00 0 
7f2ca4b5d000-7f2ca4b5e000 ---p 00000000 00:00 0 
7f2ca4b5e000-7f2ca4c86000 rw-p 00000000 00:00 0 
7f2ca4c86000-7f2ca4ec9000 ---p 00000000 00:00 0 
7f2ca4ec9000-7f2ca4edd000 rw-p 00000000 00:00 0 
7f2ca4edd000-7f2ca4fff000 ---p 00000000 00:00 0 
7f2ca4fff000-7f2ca5000000 rw-p 00000000 00:00 0 
7f2ca5000000-7f2ca5390000 rwxp 00000000 00:00 0 
7f2ca5390000-7f2cb4000000 ---p 00000000 00:00 0 
7f2cb4000000-7f2cb4479000 rw-p 00000000 00:00 0 
7f2cb4479000-7f2cb8000000 ---p 00000000 00:00 0 
7f2cb8000000-7f2cb8001000 r--s 00095000 08:06 5641033                    /home/kaliuser/.gradle/caches/modules-2/files-2.1/org.lwjgl.lwjgl/lwjgl-platform/2.9.2/510c7d317f5e9e700b9cfaac5fd38bdebf0702e0/lwjgl-platform-2.9.2-natives-windows.jar
7f2cb8001000-7f2cb800f000 r--s 000f2000 08:06 5641029                    /home/kaliuser/.gradle/caches/modules-2/files-2.1/org.lwjgl.lwjgl/lwjgl/2.9.2/a9d80fe5935c7a9149f6584d9777cfd471f65489/lwjgl-2.9.2.jar
7f2cb800f000-7f2cb8058000 rw-p 00000000 00:00 0 
7f2cb8058000-7f2cb829c000 ---p 00000000 00:00 0 
7f2cb829c000-7f2cb82ab000 rw-p 00000000 00:00 0 
7f2cb82ab000-7f2cb865c000 ---p 00000000 00:00 0 
7f2cb865c000-7f2cb8676000 r-xp 00000000 08:06 32899728                   /home/kaliuser/Документы/app/android-studio/jre/jre/lib/amd64/libzip.so
7f2cb8676000-7f2cb8876000 ---p 0001a000 08:06 32899728                   /home/kaliuser/Документы/app/android-studio/jre/jre/lib/amd64/libzip.so
7f2cb8876000-7f2cb8877000 r--p 0001a000 08:06 32899728                   /home/kaliuser/Документы/app/android-studio/jre/jre/lib/amd64/libzip.so
7f2cb8877000-7f2cb8878000 rw-p 0001b000 08:06 32899728                   /home/kaliuser/Документы/app/android-studio/jre/jre/lib/amd64/libzip.so
7f2cb8878000-7f2cb8882000 r-xp 00000000 08:06 6949145                    /lib/x86_64-linux-gnu/libnss_files-2.24.so
7f2cb8882000-7f2cb8a82000 ---p 0000a000 08:06 6949145                    /lib/x86_64-linux-gnu/libnss_files-2.24.so
7f2cb8a82000-7f2cb8a83000 r--p 0000a000 08:06 6949145                    /lib/x86_64-linux-gnu/libnss_files-2.24.so
7f2cb8a83000-7f2cb8a84000 rw-p 0000b000 08:06 6949145                    /lib/x86_64-linux-gnu/libnss_files-2.24.so
7f2cb8a84000-7f2cb8a8a000 rw-p 00000000 00:00 0 
7f2cb8a8a000-7f2cb8a95000 r-xp 00000000 08:06 6949149                    /lib/x86_64-linux-gnu/libnss_nis-2.24.so
7f2cb8a95000-7f2cb8c94000 ---p 0000b000 08:06 6949149                    /lib/x86_64-linux-gnu/libnss_nis-2.24.so
7f2cb8c94000-7f2cb8c95000 r--p 0000a000 08:06 6949149                    /lib/x86_64-linux-gnu/libnss_nis-2.24.so
7f2cb8c95000-7f2cb8c96000 rw-p 0000b000 08:06 6949149                    /lib/x86_64-linux-gnu/libnss_nis-2.24.so
7f2cb8c96000-7f2cb8caa000 r-xp 00000000 08:06 6949118                    /lib/x86_64-linux-gnu/libnsl-2.24.so
7f2cb8caa000-7f2cb8eaa000 ---p 00014000 08:06 6949118                    /lib/x86_64-linux-gnu/libnsl-2.24.so
7f2cb8eaa000-7f2cb8eab000 r--p 00014000 08:06 6949118                    /lib/x86_64-linux-gnu/libnsl-2.24.so
7f2cb8eab000-7f2cb8eac000 rw-p 00015000 08:06 6949118                    /lib/x86_64-linux-gnu/libnsl-2.24.so
7f2cb8eac000-7f2cb8eae000 rw-p 00000000 00:00 0 
7f2cb8eae000-7f2cb8eb5000 r-xp 00000000 08:06 6949123                    /lib/x86_64-linux-gnu/libnss_compat-2.24.so
7f2cb8eb5000-7f2cb90b4000 ---p 00007000 08:06 6949123                    /lib/x86_64-linux-gnu/libnss_compat-2.24.so
7f2cb90b4000-7f2cb90b5000 r--p 00006000 08:06 6949123                    /lib/x86_64-linux-gnu/libnss_compat-2.24.so
7f2cb90b5000-7f2cb90b6000 rw-p 00007000 08:06 6949123                    /lib/x86_64-linux-gnu/libnss_compat-2.24.so
7f2cb90b6000-7f2cb90e3000 r-xp 00000000 08:06 32899738                   /home/kaliuser/Документы/app/android-studio/jre/jre/lib/amd64/libjava.so
7f2cb90e3000-7f2cb92e2000 ---p 0002d000 08:06 32899738                   /home/kaliuser/Документы/app/android-studio/jre/jre/lib/amd64/libjava.so
7f2cb92e2000-7f2cb92e3000 r--p 0002c000 08:06 32899738                   /home/kaliuser/Документы/app/android-studio/jre/jre/lib/amd64/libjava.so
7f2cb92e3000-7f2cb92e5000 rw-p 0002d000 08:06 32899738                   /home/kaliuser/Документы/app/android-studio/jre/jre/lib/amd64/libjava.so
7f2cb92e5000-7f2cb92f5000 r-xp 00000000 08:06 32899754                   /home/kaliuser/Документы/app/android-studio/jre/jre/lib/amd64/libverify.so
7f2cb92f5000-7f2cb94f4000 ---p 00010000 08:06 32899754                   /home/kaliuser/Документы/app/android-studio/jre/jre/lib/amd64/libverify.so
7f2cb94f4000-7f2cb94f6000 r--p 0000f000 08:06 32899754                   /home/kaliuser/Документы/app/android-studio/jre/jre/lib/amd64/libverify.so
7f2cb94f6000-7f2cb94f7000 rw-p 00011000 08:06 32899754                   /home/kaliuser/Документы/app/android-studio/jre/jre/lib/amd64/libverify.so
7f2cb94f7000-7f2cb94fe000 r-xp 00000000 08:06 6949185                    /lib/x86_64-linux-gnu/librt-2.24.so
7f2cb94fe000-7f2cb96fd000 ---p 00007000 08:06 6949185                    /lib/x86_64-linux-gnu/librt-2.24.so
7f2cb96fd000-7f2cb96fe000 r--p 00006000 08:06 6949185                    /lib/x86_64-linux-gnu/librt-2.24.so
7f2cb96fe000-7f2cb96ff000 rw-p 00007000 08:06 6949185                    /lib/x86_64-linux-gnu/librt-2.24.so
7f2cb96ff000-7f2cb9802000 r-xp 00000000 08:06 6949100                    /lib/x86_64-linux-gnu/libm-2.24.so
7f2cb9802000-7f2cb9a01000 ---p 00103000 08:06 6949100                    /lib/x86_64-linux-gnu/libm-2.24.so
7f2cb9a01000-7f2cb9a02000 r--p 00102000 08:06 6949100                    /lib/x86_64-linux-gnu/libm-2.24.so
7f2cb9a02000-7f2cb9a03000 rw-p 00103000 08:06 6949100                    /lib/x86_64-linux-gnu/libm-2.24.so
7f2cb9a03000-7f2cba5e9000 r-xp 00000000 08:06 32899758                   /home/kaliuser/Документы/app/android-studio/jre/jre/lib/amd64/server/libjvm.so
7f2cba5e9000-7f2cba7e9000 ---p 00be6000 08:06 32899758                   /home/kaliuser/Документы/app/android-studio/jre/jre/lib/amd64/server/libjvm.so
7f2cba7e9000-7f2cba888000 r--p 00be6000 08:06 32899758                   /home/kaliuser/Документы/app/android-studio/jre/jre/lib/amd64/server/libjvm.so
7f2cba888000-7f2cba8b1000 rw-p 00c85000 08:06 32899758                   /home/kaliuser/Документы/app/android-studio/jre/jre/lib/amd64/server/libjvm.so
7f2cba8b1000-7f2cba8f3000 rw-p 00000000 00:00 0 
7f2cba8f3000-7f2cba90b000 r-xp 00000000 08:06 6949175                    /lib/x86_64-linux-gnu/libpthread-2.24.so
7f2cba90b000-7f2cbab0a000 ---p 00018000 08:06 6949175                    /lib/x86_64-linux-gnu/libpthread-2.24.so
7f2cbab0a000-7f2cbab0b000 r--p 00017000 08:06 6949175                    /lib/x86_64-linux-gnu/libpthread-2.24.so
7f2cbab0b000-7f2cbab0c000 rw-p 00018000 08:06 6949175                    /lib/x86_64-linux-gnu/libpthread-2.24.so
7f2cbab0c000-7f2cbab10000 rw-p 00000000 00:00 0 
7f2cbab10000-7f2cbab12000 r-xp 00000000 08:06 6949098                    /lib/x86_64-linux-gnu/libdl-2.24.so
7f2cbab12000-7f2cbad12000 ---p 00002000 08:06 6949098                    /lib/x86_64-linux-gnu/libdl-2.24.so
7f2cbad12000-7f2cbad13000 r--p 00002000 08:06 6949098                    /lib/x86_64-linux-gnu/libdl-2.24.so
7f2cbad13000-7f2cbad14000 rw-p 00003000 08:06 6949098                    /lib/x86_64-linux-gnu/libdl-2.24.so
7f2cbad14000-7f2cbaea9000 r-xp 00000000 08:06 6948956                    /lib/x86_64-linux-gnu/libc-2.24.so
7f2cbaea9000-7f2cbb0a8000 ---p 00195000 08:06 6948956                    /lib/x86_64-linux-gnu/libc-2.24.so
7f2cbb0a8000-7f2cbb0ac000 r--p 00194000 08:06 6948956                    /lib/x86_64-linux-gnu/libc-2.24.so
7f2cbb0ac000-7f2cbb0ae000 rw-p 00198000 08:06 6948956                    /lib/x86_64-linux-gnu/libc-2.24.so
7f2cbb0ae000-7f2cbb0b2000 rw-p 00000000 00:00 0 
7f2cbb0b2000-7f2cbb0c8000 r-xp 00000000 08:06 32899618                   /home/kaliuser/Документы/app/android-studio/jre/lib/amd64/jli/libjli.so
7f2cbb0c8000-7f2cbb2c7000 ---p 00016000 08:06 32899618                   /home/kaliuser/Документы/app/android-studio/jre/lib/amd64/jli/libjli.so
7f2cbb2c7000-7f2cbb2c8000 r--p 00015000 08:06 32899618                   /home/kaliuser/Документы/app/android-studio/jre/lib/amd64/jli/libjli.so
7f2cbb2c8000-7f2cbb2c9000 rw-p 00016000 08:06 32899618                   /home/kaliuser/Документы/app/android-studio/jre/lib/amd64/jli/libjli.so
7f2cbb2c9000-7f2cbb2ec000 r-xp 00000000 08:06 6948861                    /lib/x86_64-linux-gnu/ld-2.24.so
7f2cbb2ec000-7f2cbb2ed000 r--s 00015000 08:06 5641031                    /home/kaliuser/.gradle/caches/modules-2/files-2.1/com.badlogicgames.jlayer/jlayer/1.0.1-gdx/7cca83cec5c1b2f011362f4d85aabd71a73b049d/jlayer-1.0.1-gdx.jar
7f2cbb2ed000-7f2cbb2ee000 r--s 000fb000 08:06 5641028                    /home/kaliuser/.gradle/caches/modules-2/files-2.1/com.badlogicgames.gdx/gdx-box2d-platform/1.9.4/905a9ed3017cd3917b7fbada5ece58c40fddcbca/gdx-box2d-platform-1.9.4-natives-desktop.jar
7f2cbb2ee000-7f2cbb2f1000 r--s 00021000 08:06 5641026                    /home/kaliuser/.gradle/caches/modules-2/files-2.1/com.badlogicgames.gdx/gdx-backend-lwjgl/1.9.4/4c6c108a9dcbc07096de8594b93f9cab33856fe2/gdx-backend-lwjgl-1.9.4.jar
7f2cbb2f1000-7f2cbb2f3000 r--s 00010000 08:06 5641011                    /home/kaliuser/.gradle/caches/modules-2/files-2.1/com.badlogicgames.gdx/gdx-box2d/1.9.4/98a0d25c9f0637fecac6e4aacf7287aa635964f5/gdx-box2d-1.9.4.jar
7f2cbb2f3000-7f2cbb2f7000 r--s 00097000 08:06 32899719                   /home/kaliuser/Документы/app/android-studio/jre/jre/lib/jsse.jar
7f2cbb2f7000-7f2cbb3c0000 rw-p 00000000 00:00 0 
7f2cbb3c0000-7f2cbb3c3000 ---p 00000000 00:00 0 
7f2cbb3c3000-7f2cbb4c3000 rw-p 00000000 00:00 0 
7f2cbb4c3000-7f2cbb4c4000 r--s 000d5000 08:06 5641027                    /home/kaliuser/.gradle/caches/modules-2/files-2.1/com.badlogicgames.gdx/gdx-platform/1.9.4/8e93afecc287ab152179983fc1b5f65db4c2fa4c/gdx-platform-1.9.4-natives-desktop.jar
7f2cbb4c4000-7f2cbb4c5000 r--s 00000000 08:06 32899683                   /home/kaliuser/Документы/app/android-studio/jre/jre/lib/management-agent.jar
7f2cbb4c5000-7f2cbb4c8000 r--s 00015000 08:06 32899767                   /home/kaliuser/Документы/app/android-studio/jre/jre/lib/jce.jar
7f2cbb4c8000-7f2cbb4cd000 r--s 002f9000 08:06 32899699                   /home/kaliuser/Документы/app/android-studio/jre/jre/lib/charsets.jar
7f2cbb4cd000-7f2cbb4ce000 r--p 00000000 08:06 17043229                   /usr/lib/locale/ce_RU/LC_NUMERIC
7f2cbb4ce000-7f2cbb4cf000 r--p 00000000 08:06 17173862                   /usr/lib/locale/ru_RU.utf8/LC_TIME
7f2cbb4cf000-7f2cbb4d0000 r--p 00000000 08:06 17043228                   /usr/lib/locale/ce_RU/LC_MONETARY
7f2cbb4d0000-7f2cbb4d1000 r--p 00000000 08:06 17173861                   /usr/lib/locale/ru_RU.utf8/LC_MESSAGES/SYS_LC_MESSAGES
7f2cbb4d1000-7f2cbb4d2000 r--p 00000000 08:06 17039522                   /usr/lib/locale/aa_DJ.utf8/LC_PAPER
7f2cbb4d2000-7f2cbb4d3000 r--p 00000000 08:06 17039587                   /usr/lib/locale/ak_GH/LC_NAME
7f2cbb4d3000-7f2cbb4d4000 r--p 00000000 08:06 17173859                   /usr/lib/locale/ru_RU.utf8/LC_ADDRESS
7f2cbb4d4000-7f2cbb4d5000 r--p 00000000 08:06 17043230                   /usr/lib/locale/ce_RU/LC_TELEPHONE
7f2cbb4d5000-7f2cbb4d6000 r--p 00000000 08:06 17039517                   /usr/lib/locale/aa_DJ.utf8/LC_MEASUREMENT
7f2cbb4d6000-7f2cbb4dd000 r--s 00000000 08:06 18092540                   /usr/lib/x86_64-linux-gnu/gconv/gconv-modules.cache
7f2cbb4dd000-7f2cbb4de000 r--p 00000000 08:06 17173860                   /usr/lib/locale/ru_RU.utf8/LC_IDENTIFICATION
7f2cbb4de000-7f2cbb4e6000 rw-s 00000000 08:06 5636245                    /tmp/hsperfdata_kaliuser/7312
7f2cbb4e6000-7f2cbb4e7000 rw-p 00000000 00:00 0 
7f2cbb4e7000-7f2cbb4e8000 r--p 00000000 00:00 0 
7f2cbb4e8000-7f2cbb4eb000 rw-p 00000000 00:00 0 
7f2cbb4eb000-7f2cbb4ec000 r--p 00022000 08:06 6948861                    /lib/x86_64-linux-gnu/ld-2.24.so
7f2cbb4ec000-7f2cbb4ed000 rw-p 00023000 08:06 6948861                    /lib/x86_64-linux-gnu/ld-2.24.so
7f2cbb4ed000-7f2cbb4ee000 rw-p 00000000 00:00 0 
7ffcc3f3e000-7ffcc3f60000 rw-p 00000000 00:00 0                          [stack]
7ffcc3fb9000-7ffcc3fbb000 r--p 00000000 00:00 0                          [vvar]
7ffcc3fbb000-7ffcc3fbd000 r-xp 00000000 00:00 0                          [vdso]

VM Arguments:
jvm_args: -Didea.launcher.port=7549 -Didea.launcher.bin.path=/home/kaliuser/Документы/app/android-studio/bin -Dfile.encoding=UTF-8 
java_command: com.intellij.rt.execution.application.AppMain com.wall_ball.game.desktop.DesktopLauncher
java_class_path (initial): /home/kaliuser/Документы/app/android-studio/jre/jre/lib/charsets.jar:/home/kaliuser/Документы/app/android-studio/jre/jre/lib/ext/cldrdata.jar:/home/kaliuser/Документы/app/android-studio/jre/jre/lib/ext/dnsns.jar:/home/kaliuser/Документы/app/android-studio/jre/jre/lib/ext/jaccess.jar:/home/kaliuser/Документы/app/android-studio/jre/jre/lib/ext/localedata.jar:/home/kaliuser/Документы/app/android-studio/jre/jre/lib/ext/nashorn.jar:/home/kaliuser/Документы/app/android-studio/jre/jre/lib/ext/sunec.jar:/home/kaliuser/Документы/app/android-studio/jre/jre/lib/ext/sunjce_provider.jar:/home/kaliuser/Документы/app/android-studio/jre/jre/lib/ext/sunpkcs11.jar:/home/kaliuser/Документы/app/android-studio/jre/jre/lib/ext/zipfs.jar:/home/kaliuser/Документы/app/android-studio/jre/jre/lib/jce.jar:/home/kaliuser/Документы/app/android-studio/jre/jre/lib/jsse.jar:/home/kaliuser/Документы/app/android-studio/jre/jre/lib/management-agent.jar:/home/kaliuser/Документы/app/android-studio/jre/jre/lib/resources.jar:/home/kaliuser/Документы/app/android-studio/jre/jre/lib/rt.jar:/home/kaliuser/Документы/app/WallBall/desktop/build/classes/main:/home/kaliuser/Документы/app/WallBall/core/build/classes/main:/home/kaliuser/.gradle/caches/modules-2/files-2.1/com.badlogicgames.gdx/gdx/1.9.4/4b4b7962d1bc75af0438f5c81ec1010557bc9ee5/gdx-1.9.4.jar:/home/kaliuser/.gradle/caches/modules-2/files-2.1/com.badlogicgames.gdx/gdx-box2d/1.9.4/98a0d25c9f0637fecac6e4aacf7287aa635964f5/gdx-box2d-1.9.4.jar:/home/kaliuser/.gradle/caches/modules-2/files-2.1/com.badlogicgames.gdx/gdx-backend-lwjgl/1.9.4/4c6c108a9dcbc07096de8594b93f9cab33856fe2/gdx-backend-lwjgl-1.9.4.jar:/home/kaliuser/.gradle/caches/modules-2/files-2.1/com.badlogicgames.gdx/gdx-platform/1.9.4/8e93afecc287ab152179983fc1b5f65db4c2fa4c/gdx-platform-1.9.4-natives-desktop.jar:/home
Launcher Type: SUN_STANDARD

Environment Variables:
PATH=/usr/local/bin:/usr/bin:/bin:/usr/local/games:/usr/games
USERNAME=kaliuser
LD_LIBRARY_PATH=/home/kaliuser/Документы/app/android-studio/bin:
SHELL=/bin/bash
DISPLAY=:0

Signal Handlers:
SIGSEGV: [libjvm.so+0x9daac0], sa_mask[0]=11111111011111111101111111111110, sa_flags=SA_RESTART|SA_SIGINFO
SIGBUS: [libjvm.so+0x9daac0], sa_mask[0]=11111111011111111101111111111110, sa_flags=SA_RESTART|SA_SIGINFO
SIGFPE: [libjvm.so+0x840d90], sa_mask[0]=11111111011111111101111111111110, sa_flags=SA_RESTART|SA_SIGINFO
SIGPIPE: [libjvm.so+0x840d90], sa_mask[0]=11111111011111111101111111111110, sa_flags=SA_RESTART|SA_SIGINFO
SIGXFSZ: [libjvm.so+0x840d90], sa_mask[0]=11111111011111111101111111111110, sa_flags=SA_RESTART|SA_SIGINFO
SIGILL: [libjvm.so+0x840d90], sa_mask[0]=11111111011111111101111111111110, sa_flags=SA_RESTART|SA_SIGINFO
SIGUSR1: SIG_DFL, sa_mask[0]=00000000000000000000000000000000, sa_flags=none
SIGUSR2: [libjvm.so+0x840c60], sa_mask[0]=00100000000000000000000000000000, sa_flags=SA_RESTART|SA_SIGINFO
SIGHUP: [libjvm.so+0x840e50], sa_mask[0]=11111111011111111101111111111110, sa_flags=SA_RESTART|SA_SIGINFO
SIGINT: [libjvm.so+0x840e50], sa_mask[0]=11111111011111111101111111111110, sa_flags=SA_RESTART|SA_SIGINFO
SIGTERM: [libjvm.so+0x840e50], sa_mask[0]=11111111011111111101111111111110, sa_flags=SA_RESTART|SA_SIGINFO
SIGQUIT: [libjvm.so+0x840e50], sa_mask[0]=11111111011111111101111111111110, sa_flags=SA_RESTART|SA_SIGINFO


---------------  S Y S T E M  ---------------

OS:DISTRIB_ID=Kali
DISTRIB_RELEASE=kali-rolling
DISTRIB_CODENAME=kali-rolling
DISTRIB_DESCRIPTION="Kali GNU/Linux Rolling"

uname:Linux 4.8.0-kali1-amd64 #1 SMP Debian 4.8.5-1kali1 (2016-11-04) x86_64
libc:glibc 2.24 NPTL 2.24 
rlimit: STACK 8192k, CORE 0k, NPROC 28841, NOFILE 65536, AS infinity
load average:1,27 0,62 0,36

/proc/meminfo:
MemTotal:        7608832 kB
MemFree:         1518996 kB
MemAvailable:    2959188 kB
Buffers:          164632 kB
Cached:          1782680 kB
SwapCached:            0 kB
Active:          4209796 kB
Inactive:        1568400 kB
Active(anon):    3591124 kB
Inactive(anon):   609548 kB
Active(file):     618672 kB
Inactive(file):   958852 kB
Unevictable:           0 kB
Mlocked:               0 kB
SwapTotal:       7810044 kB
SwapFree:        7810044 kB
Dirty:              9584 kB
Writeback:             0 kB
AnonPages:       3831320 kB
Mapped:           343012 kB
Shmem:            369792 kB
Slab:             210996 kB
SReclaimable:     166048 kB
SUnreclaim:        44948 kB
KernelStack:       10560 kB
PageTables:        33796 kB
NFS_Unstable:          0 kB
Bounce:                0 kB
WritebackTmp:          0 kB
CommitLimit:    11614460 kB
Committed_AS:    7492104 kB
VmallocTotal:   34359738367 kB
VmallocUsed:           0 kB
VmallocChunk:          0 kB
HardwareCorrupted:     0 kB
AnonHugePages:         0 kB
ShmemHugePages:        0 kB
ShmemPmdMapped:        0 kB
HugePages_Total:       0
HugePages_Free:        0
HugePages_Rsvd:        0
HugePages_Surp:        0
Hugepagesize:       2048 kB
DirectMap4k:       95692 kB
DirectMap2M:     5617664 kB
DirectMap1G:     2097152 kB


CPU:total 8 (4 cores per cpu, 2 threads per core) family 6 model 60 stepping 3, cmov, cx8, fxsr, mmx, sse, sse2, sse3, ssse3, sse4.1, sse4.2, popcnt, avx, avx2, aes, clmul, erms, lzcnt, ht, tsc, tscinvbit, bmi1, bmi2

/proc/cpuinfo:
processor	: 0
vendor_id	: GenuineIntel
cpu family	: 6
model		: 60
model name	: Intel(R) Core(TM) i7-4710HQ CPU @ 2.50GHz
stepping	: 3
microcode	: 0x20
cpu MHz		: 2500.762
cache size	: 6144 KB
physical id	: 0
siblings	: 8
core id		: 0
cpu cores	: 4
apicid		: 0
initial apicid	: 0
fpu		: yes
fpu_exception	: yes
cpuid level	: 13
wp		: yes
flags		: fpu vme de pse tsc msr pae mce cx8 apic sep mtrr pge mca cmov pat pse36 clflush dts acpi mmx fxsr sse sse2 ss ht tm pbe syscall nx pdpe1gb rdtscp lm constant_tsc arch_perfmon pebs bts rep_good nopl xtopology nonstop_tsc aperfmperf eagerfpu pni pclmulqdq dtes64 monitor ds_cpl vmx est tm2 ssse3 sdbg fma cx16 xtpr pdcm pcid sse4_1 sse4_2 x2apic movbe popcnt tsc_deadline_timer aes xsave avx f16c rdrand lahf_lm abm epb tpr_shadow vnmi flexpriority ept vpid fsgsbase tsc_adjust bmi1 avx2 smep bmi2 erms invpcid xsaveopt dtherm ida arat pln pts
bugs		:
bogomips	: 4988.27
clflush size	: 64
cache_alignment	: 64
address sizes	: 39 bits physical, 48 bits virtual
power management:

processor	: 1
vendor_id	: GenuineIntel
cpu family	: 6
model		: 60
model name	: Intel(R) Core(TM) i7-4710HQ CPU @ 2.50GHz
stepping	: 3
microcode	: 0x20
cpu MHz		: 2776.031
cache size	: 6144 KB
physical id	: 0
siblings	: 8
core id		: 1
cpu cores	: 4
apicid		: 2
initial apicid	: 2
fpu		: yes
fpu_exception	: yes
cpuid level	: 13
wp		: yes
flags		: fpu vme de pse tsc msr pae mce cx8 apic sep mtrr pge mca cmov pat pse36 clflush dts acpi mmx fxsr sse sse2 ss ht tm pbe syscall nx pdpe1gb rdtscp lm constant_tsc arch_perfmon pebs bts rep_good nopl xtopology nonstop_tsc aperfmperf eagerfpu pni pclmulqdq dtes64 monitor ds_cpl vmx est tm2 ssse3 sdbg fma cx16 xtpr pdcm pcid sse4_1 sse4_2 x2apic movbe popcnt tsc_deadline_timer aes xsave avx f16c rdrand lahf_lm abm epb tpr_shadow vnmi flexpriority ept vpid fsgsbase tsc_adjust bmi1 avx2 smep bmi2 erms invpcid xsaveopt dtherm ida arat pln pts
bugs		:
bogomips	: 4989.00
clflush size	: 64
cache_alignment	: 64
address sizes	: 39 bits physical, 48 bits virtual
power management:

processor	: 2
vendor_id	: GenuineIntel
cpu family	: 6
model		: 60
model name	: Intel(R) Core(TM) i7-4710HQ CPU @ 2.50GHz
stepping	: 3
microcode	: 0x20
cpu MHz		: 2500.152
cache size	: 6144 KB
physical id	: 0
siblings	: 8
core id		: 2
cpu cores	: 4
apicid		: 4
initial apicid	: 4
fpu		: yes
fpu_exception	: yes
cpuid level	: 13
wp		: yes
flags		: fpu vme de pse tsc msr pae mce cx8 apic sep mtrr pge mca cmov pat pse36 clflush dts acpi mmx fxsr sse sse2 ss ht tm pbe syscall nx pdpe1gb rdtscp lm constant_tsc arch_perfmon pebs bts rep_good nopl xtopology nonstop_tsc aperfmperf eagerfpu pni pclmulqdq dtes64 monitor ds_cpl vmx est tm2 ssse3 sdbg fma cx16 xtpr pdcm pcid sse4_1 sse4_2 x2apic movbe popcnt tsc_deadline_timer aes xsave avx f16c rdrand lahf_lm abm epb tpr_shadow vnmi flexpriority ept vpid fsgsbase tsc_adjust bmi1 avx2 smep bmi2 erms invpcid xsaveopt dtherm ida arat pln pts
bugs		:
bogomips	: 4989.05
clflush size	: 64
cache_alignment	: 64
address sizes	: 39 bits physical, 48 bits virtual
power management:

processor	: 3
vendor_id	: GenuineIntel
cpu family	: 6
model		: 60
model name	: Intel(R) Core(TM) i7-4710HQ CPU @ 2.50GHz
stepping	: 3
microcode	: 0x20
cpu MHz		: 2500.000
cache size	: 6144 KB
physical id	: 0
siblings	: 8
core id		: 3
cpu cores	: 4
apicid		: 6
initial apicid	: 6
fpu		: yes
fpu_exception	: yes
cpuid level	: 13
wp		: yes
flags		: fpu vme de pse tsc msr pae mce cx8 apic sep mtrr pge mca cmov pat pse36 clflush dts acpi mmx fxsr sse sse2 ss ht tm pbe syscall nx pdpe1gb rdtscp lm constant_tsc arch_perfmon pebs bts rep_good nopl xtopology nonstop_tsc aperfmperf eagerfpu pni pclmulqdq dtes64 monitor ds_cpl vmx est tm2 ssse3 sdbg fma cx16 xtpr pdcm pcid sse4_1 sse4_2 x2apic movbe popcnt tsc_deadline_timer aes xsave avx f16c rdrand lahf_lm abm epb tpr_shadow vnmi flexpriority ept vpid fsgsbase tsc_adjust bmi1 avx2 smep bmi2 erms invpcid xsaveopt dtherm ida arat pln pts
bugs		:
bogomips	: 4989.06
clflush size	: 64
cache_alignment	: 64
address sizes	: 39 bits physical, 48 bits virtual
power management:

processor	: 4
vendor_id	: GenuineIntel
cpu family	: 6
model		: 60
model name	: Intel(R) Core(TM) i7-4710HQ CPU @ 2.50GHz
stepping	: 3
microcode	: 0x20
cpu MHz		: 2774.810
cache size	: 6144 KB
physical id	: 0
siblings	: 8
core id		: 0
cpu cores	: 4
apicid		: 1
initial apicid	: 1
fpu		: yes
fpu_exception	: yes
cpuid level	: 13
wp		: yes
flags		: fpu vme de pse tsc msr pae mce cx8 apic sep mtrr pge mca cmov pat pse36 clflush dts acpi mmx fxsr sse sse2 ss ht tm pbe syscall nx pdpe1gb rdtscp lm constant_tsc arch_perfmon pebs bts rep_good nopl xtopology nonstop_tsc aperfmperf eagerfpu pni pclmulqdq dtes64 monitor ds_cpl vmx est tm2 ssse3 sdbg fma cx16 xtpr pdcm pcid sse4_1 sse4_2 x2apic movbe popcnt tsc_deadline_timer aes xsave avx f16c rdrand lahf_lm abm epb tpr_shadow vnmi flexpriority ept vpid fsgsbase tsc_adjust bmi1 avx2 smep bmi2 erms invpcid xsaveopt dtherm ida arat pln pts
bugs		:
bogomips	: 4989.35
clflush size	: 64
cache_alignment	: 64
address sizes	: 39 bits physical, 48 bits virtual
power management:

processor	: 5
vendor_id	: GenuineIntel
cpu family	: 6
model		: 60
model name	: Intel(R) Core(TM) i7-4710HQ CPU @ 2.50GHz
stepping	: 3
microcode	: 0x20
cpu MHz		: 2500.610
cache size	: 6144 KB
physical id	: 0
siblings	: 8
core id		: 1
cpu cores	: 4
apicid		: 3
initial apicid	: 3
fpu		: yes
fpu_exception	: yes
cpuid level	: 13
wp		: yes
flags		: fpu vme de pse tsc msr pae mce cx8 apic sep mtrr pge mca cmov pat pse36 clflush dts acpi mmx fxsr sse sse2 ss ht tm pbe syscall nx pdpe1gb rdtscp lm constant_tsc arch_perfmon pebs bts rep_good nopl xtopology nonstop_tsc aperfmperf eagerfpu pni pclmulqdq dtes64 monitor ds_cpl vmx est tm2 ssse3 sdbg fma cx16 xtpr pdcm pcid sse4_1 sse4_2 x2apic movbe popcnt tsc_deadline_timer aes xsave avx f16c rdrand lahf_lm abm epb tpr_shadow vnmi flexpriority ept vpid fsgsbase tsc_adjust bmi1 avx2 smep bmi2 erms invpcid xsaveopt dtherm ida arat pln pts
bugs		:
bogomips	: 4989.13
clflush size	: 64
cache_alignment	: 64
address sizes	: 39 bits physical, 48 bits virtual
power management:

processor	: 6
vendor_id	: GenuineIntel
cpu family	: 6
model		: 60
model name	: Intel(R) Core(TM) i7-4710HQ CPU @ 2.50GHz
stepping	: 3
microcode	: 0x20
cpu MHz		: 2500.152
cache size	: 6144 KB
physical id	: 0
siblings	: 8
core id		: 2
cpu cores	: 4
apicid		: 5
initial apicid	: 5
fpu		: yes
fpu_exception	: yes
cpuid level	: 13
wp		: yes
flags		: fpu vme de pse tsc msr pae mce cx8 apic sep mtrr pge mca cmov pat pse36 clflush dts acpi mmx fxsr sse sse2 ss ht tm pbe syscall nx pdpe1gb rdtscp lm constant_tsc arch_perfmon pebs bts rep_good nopl xtopology nonstop_tsc aperfmperf eagerfpu pni pclmulqdq dtes64 monitor ds_cpl vmx est tm2 ssse3 sdbg fma cx16 xtpr pdcm pcid sse4_1 sse4_2 x2apic movbe popcnt tsc_deadline_timer aes xsave avx f16c rdrand lahf_lm abm epb tpr_shadow vnmi flexpriority ept vpid fsgsbase tsc_adjust bmi1 avx2 smep bmi2 erms invpcid xsaveopt dtherm ida arat pln pts
bugs		:
bogomips	: 4989.14
clflush size	: 64
cache_alignment	: 64
address sizes	: 39 bits physical, 48 bits virtual
power management:

processor	: 7
vendor_id	: GenuineIntel
cpu family	: 6
model		: 60
model name	: Intel(R) Core(TM) i7-4710HQ CPU @ 2.50GHz
stepping	: 3
microcode	: 0x20
cpu MHz		: 2554.016
cache size	: 6144 KB
physical id	: 0
siblings	: 8
core id		: 3
cpu cores	: 4
apicid		: 7
initial apicid	: 7
fpu		: yes
fpu_exception	: yes
cpuid level	: 13
wp		: yes
flags		: fpu vme de pse tsc msr pae mce cx8 apic sep mtrr pge mca cmov pat pse36 clflush dts acpi mmx fxsr sse sse2 ss ht tm pbe syscall nx pdpe1gb rdtscp lm constant_tsc arch_perfmon pebs bts rep_good nopl xtopology nonstop_tsc aperfmperf eagerfpu pni pclmulqdq dtes64 monitor ds_cpl vmx est tm2 ssse3 sdbg fma cx16 xtpr pdcm pcid sse4_1 sse4_2 x2apic movbe popcnt tsc_deadline_timer aes xsave avx f16c rdrand lahf_lm abm epb tpr_shadow vnmi flexpriority ept vpid fsgsbase tsc_adjust bmi1 avx2 smep bmi2 erms invpcid xsaveopt dtherm ida arat pln pts
bugs		:
bogomips	: 4989.11
clflush size	: 64
cache_alignment	: 64
address sizes	: 39 bits physical, 48 bits virtual
power management:



Memory: 4k page, physical 7608832k(1518996k free), swap 7810044k(7810044k free)

vm_info: OpenJDK 64-Bit Server VM (25.76-b03) for linux-amd64 JRE (1.8.0_76-release-b03), built on Jun 29 2016 09:39:19 by "builder" with gcc 4.8.4

time: Sun Dec 11 17:55:58 2016
elapsed time: 13 seconds (0d 0h 0m 13s)

